#
# There is insufficient memory for the Java Runtime Environment to continue.
# Native memory allocation (malloc) failed to allocate 47710208 bytes for committing reserved memory.
# Possible reasons:
#   The system is out of physical RAM or swap space
#   In 32 bit mode, the process size limit was hit
# Possible solutions:
#   Reduce memory load on the system
#   Increase physical memory or swap space
#   Check if swap backing store is full
#   Use 64 bit Java on a 64 bit OS
#   Decrease Java heap size (-Xmx/-Xms)
#   Decrease number of Java threads
#   Decrease Java thread stack sizes (-Xss)
#   Set larger code cache with -XX:ReservedCodeCacheSize=
# This output file may be truncated or incomplete.
#
#  Out of Memory Error (os_linux.cpp:2798), pid=5664, tid=1742531392
#
# JRE version: OpenJDK Runtime Environment (7.0_75-b13) (build 1.7.0_75-b13)
# Java VM: OpenJDK Server VM (24.75-b04 mixed mode linux-x86 )
# Derivative: IcedTea 2.5.4
# Distribution: Ubuntu 14.04 LTS, package 7u75-2.5.4-1~trusty1
# Failed to write core dump. Core dumps have been disabled. To enable core dumping, try "ulimit -c unlimited" before starting Java again
#

---------------  T H R E A D  ---------------

Current thread (0x67c80c00):  VMThread [stack: 0x67d4e000,0x67dcf000] [id=5674]

Stack: [0x67d4e000,0x67dcf000]
VM_Operation (0xb65cfd18): ParallelGCFailedAllocation, mode: safepoint, requested by thread 0xb6408000


---------------  P R O C E S S  ---------------

Java Threads: ( => current thread )
  0x67c9c800 JavaThread "Service Thread" daemon [_thread_blocked, id=5680, stack(0x675ad000,0x675fe000)]
  0x67c9a800 JavaThread "C2 CompilerThread1" daemon [_thread_blocked, id=5679, stack(0x675fe000,0x6767f000)]
  0x67c98800 JavaThread "C2 CompilerThread0" daemon [_thread_blocked, id=5678, stack(0x6767f000,0x67700000)]
  0x67c97000 JavaThread "Signal Dispatcher" daemon [_thread_blocked, id=5677, stack(0x67b0d000,0x67b5e000)]
  0x67c84c00 JavaThread "Finalizer" daemon [_thread_blocked, id=5676, stack(0x67b5e000,0x67baf000)]
  0x67c83400 JavaThread "Reference Handler" daemon [_thread_blocked, id=5675, stack(0x67baf000,0x67c00000)]
  0xb6408000 JavaThread "main" [_thread_blocked, id=5669, stack(0xb6580000,0xb65d1000)]

Other Threads:
=>0x67c80c00 VMThread [stack: 0x67d4e000,0x67dcf000] [id=5674]
  0x67c9e400 WatcherThread [stack: 0x6752c000,0x675ad000] [id=5681]

VM state:at safepoint (normal execution)

VM Mutex/Monitor currently owned by a thread:  ([mutex/lock_event])
[0xb6405868] Threads_lock - owner thread: 0x67c80c00
[0xb6405c78] Heap_lock - owner thread: 0xb6408000

Heap
 PSYoungGen      total 33792K, used 2554K [0x9dd80000, 0xa0100000, 0xb3300000)
  eden space 31232K, 0% used [0x9dd80000,0x9dd80000,0x9fc00000)
  from space 2560K, 99% used [0x9fc00000,0x9fe7e9f8,0x9fe80000)
  to   space 2560K, 0% used [0x9fe80000,0x9fe80000,0xa0100000)
 ParOldGen       total 41216K, used 16609K [0x73300000, 0x75b40000, 0x9dd80000)
  object space 41216K, 40% used [0x73300000,0x743387d0,0x75b40000)
 PSPermGen       total 16384K, used 4698K [0x6b300000, 0x6c300000, 0x73300000)
  object space 16384K, 28% used [0x6b300000,0x6b796ad0,0x6c300000)

Card table byte_map: [0x6b0bf000,0x6b300000] byte_map_base: 0x6ad65800

Polling page: 0xb777e000

Code Cache  [0xb33f3000, 0xb3633000, 0xb63f3000)
 total_blobs=519 nmethods=386 adapters=86 free_code_cache=48252Kb largest_free_block=49386752

Compilation events (10 events):
Event: 2.466 Thread 0x67c9a800  383             com.android.dx.merge.DexMerger$IdMerger$UnsortedValue::<init> (38 bytes)
Event: 2.467 Thread 0x67c9a800 nmethod 383 0xb34d1588 code [0xb34d1660, 0xb34d16d0]
Event: 2.468 Thread 0x67c98800  384             com.android.dx.merge.DexMerger$IdMerger::readUnsortedValues (101 bytes)
Event: 2.468 Thread 0x67c9a800  385             java.util.ComparableTimSort::binarySort (223 bytes)
Event: 2.475 Thread 0x67c9a800 nmethod 385 0xb34aaec8 code [0xb34ab020, 0xb34ab61c]
Event: 2.480 Thread 0x67c9a800  386             com.android.dx.merge.DexMerger::access$1800 (6 bytes)
Event: 2.481 Thread 0x67c9a800 nmethod 386 0xb34aac88 code [0xb34aad80, 0xb34aadf0]
Event: 2.481 Thread 0x67c9a800  387             com.android.dx.merge.DexMerger::getIndexMap (34 bytes)
Event: 2.481 Thread 0x67c9a800 nmethod 387 0xb34d13c8 code [0xb34d14c0, 0xb34d1530]
Event: 2.481 Thread 0x67c9a800  388             com.android.dx.merge.DexMerger$4::read (8 bytes)

GC Heap History (9 events):
Event: 1.207 GC heap before
{Heap before GC invocations=1 (full 0):
 PSYoungGen      total 18176K, used 15181K [0x9dd80000, 0x9f1c0000, 0xb3300000)
  eden space 15616K, 97% used [0x9dd80000,0x9ec536b8,0x9ecc0000)
  from space 2560K, 0% used [0x9ef40000,0x9ef40000,0x9f1c0000)
  to   space 2560K, 0% used [0x9ecc0000,0x9ecc0000,0x9ef40000)
 ParOldGen       total 41216K, used 0K [0x73300000, 0x75b40000, 0x9dd80000)
  object space 41216K, 0% used [0x73300000,0x73300000,0x75b40000)
 PSPermGen       total 16384K, used 3769K [0x6b300000, 0x6c300000, 0x73300000)
  object space 16384K, 23% used [0x6b300000,0x6b6ae628,0x6c300000)
Event: 1.216 GC heap after
Heap after GC invocations=1 (full 0):
 PSYoungGen      total 18176K, used 2545K [0x9dd80000, 0x9f1c0000, 0xb3300000)
  eden space 15616K, 0% used [0x9dd80000,0x9dd80000,0x9ecc0000)
  from space 2560K, 99% used [0x9ecc0000,0x9ef3c498,0x9ef40000)
  to   space 2560K, 0% used [0x9ef40000,0x9ef40000,0x9f1c0000)
 ParOldGen       total 41216K, used 2025K [0x73300000, 0x75b40000, 0x9dd80000)
  object space 41216K, 4% used [0x73300000,0x734fa568,0x75b40000)
 PSPermGen       total 16384K, used 3769K [0x6b300000, 0x6c300000, 0x73300000)
  object space 16384K, 23% used [0x6b300000,0x6b6ae628,0x6c300000)
}
Event: 1.697 GC heap before
{Heap before GC invocations=2 (full 0):
 PSYoungGen      total 18176K, used 18161K [0x9dd80000, 0x9f1c0000, 0xb3300000)
  eden space 15616K, 100% used [0x9dd80000,0x9ecc0000,0x9ecc0000)
  from space 2560K, 99% used [0x9ecc0000,0x9ef3c498,0x9ef40000)
  to   space 2560K, 0% used [0x9ef40000,0x9ef40000,0x9f1c0000)
 ParOldGen       total 41216K, used 2025K [0x73300000, 0x75b40000, 0x9dd80000)
  object space 41216K, 4% used [0x73300000,0x734fa568,0x75b40000)
 PSPermGen       total 16384K, used 4649K [0x6b300000, 0x6c300000, 0x73300000)
  object space 16384K, 28% used [0x6b300000,0x6b78a7c0,0x6c300000)
Event: 1.911 GC heap after
Heap after GC invocations=2 (full 0):
 PSYoungGen      total 18176K, used 2553K [0x9dd80000, 0xa0100000, 0xb3300000)
  eden space 15616K, 0% used [0x9dd80000,0x9dd80000,0x9ecc0000)
  from space 2560K, 99% used [0x9ef40000,0x9f1be768,0x9f1c0000)
  to   space 2560K, 0% used [0x9ecc0000,0x9ecc0000,0x9ef40000)
 ParOldGen       total 41216K, used 5904K [0x73300000, 0x75b40000, 0x9dd80000)
  object space 41216K, 14% used [0x73300000,0x738c4360,0x75b40000)
 PSPermGen       total 16384K, used 4649K [0x6b300000, 0x6c300000, 0x73300000)
  object space 16384K, 28% used [0x6b300000,0x6b78a7c0,0x6c300000)
}
Event: 2.144 GC heap before
{Heap before GC invocations=3 (full 0):
 PSYoungGen      total 18176K, used 15794K [0x9dd80000, 0xa0100000, 0xb3300000)
  eden space 15616K, 84% used [0x9dd80000,0x9ea6e168,0x9ecc0000)
  from space 2560K, 99% used [0x9ef40000,0x9f1be768,0x9f1c0000)
  to   space 2560K, 0% used [0x9ecc0000,0x9ecc0000,0x9ef40000)
 ParOldGen       total 41216K, used 5904K [0x73300000, 0x75b40000, 0x9dd80000)
  object space 41216K, 14% used [0x73300000,0x738c4360,0x75b40000)
 PSPermGen       total 16384K, used 4670K [0x6b300000, 0x6c300000, 0x73300000)
  object space 16384K, 28% used [0x6b300000,0x6b78f8e0,0x6c300000)
Event: 2.161 GC heap after
Heap after GC invocations=3 (full 0):
 PSYoungGen      total 18176K, used 2226K [0x9dd80000, 0xa0100000, 0xb3300000)
  eden space 15616K, 0% used [0x9dd80000,0x9dd80000,0x9ecc0000)
  from space 2560K, 86% used [0x9ecc0000,0x9eeecba8,0x9ef40000)
  to   space 2560K, 0% used [0x9fe80000,0x9fe80000,0xa0100000)
 ParOldGen       total 41216K, used 7081K [0x73300000, 0x75b40000, 0x9dd80000)
  object space 41216K, 17% used [0x73300000,0x739ea790,0x75b40000)
 PSPermGen       total 16384K, used 4670K [0x6b300000, 0x6c300000, 0x73300000)
  object space 16384K, 28% used [0x6b300000,0x6b78f8e0,0x6c300000)
}
Event: 2.273 GC heap before
{Heap before GC invocations=4 (full 0):
 PSYoungGen      total 18176K, used 17842K [0x9dd80000, 0xa0100000, 0xb3300000)
  eden space 15616K, 100% used [0x9dd80000,0x9ecc0000,0x9ecc0000)
  from space 2560K, 86% used [0x9ecc0000,0x9eeecba8,0x9ef40000)
  to   space 2560K, 0% used [0x9fe80000,0x9fe80000,0xa0100000)
 ParOldGen       total 41216K, used 7081K [0x73300000, 0x75b40000, 0x9dd80000)
  object space 41216K, 17% used [0x73300000,0x739ea790,0x75b40000)
 PSPermGen       total 16384K, used 4685K [0x6b300000, 0x6c300000, 0x73300000)
  object space 16384K, 28% used [0x6b300000,0x6b793678,0x6c300000)
Event: 2.280 GC heap after
Heap after GC invocations=4 (full 0):
 PSYoungGen      total 33792K, used 2557K [0x9dd80000, 0xa0100000, 0xb3300000)
  eden space 31232K, 0% used [0x9dd80000,0x9dd80000,0x9fc00000)
  from space 2560K, 99% used [0x9fe80000,0xa00ff5d0,0xa0100000)
  to   space 2560K, 0% used [0x9fc00000,0x9fc00000,0x9fe80000)
 ParOldGen       total 41216K, used 9786K [0x73300000, 0x75b40000, 0x9dd80000)
  object space 41216K, 23% used [0x73300000,0x73c8e840,0x75b40000)
 PSPermGen       total 16384K, used 4685K [0x6b300000, 0x6c300000, 0x73300000)
  object space 16384K, 28% used [0x6b300000,0x6b793678,0x6c300000)
}
Event: 2.482 GC heap before
{Heap before GC invocations=5 (full 0):
 PSYoungGen      total 33792K, used 33789K [0x9dd80000, 0xa0100000, 0xb3300000)
  eden space 31232K, 100% used [0x9dd80000,0x9fc00000,0x9fc00000)
  from space 2560K, 99% used [0x9fe80000,0xa00ff5d0,0xa0100000)
  to   space 2560K, 0% used [0x9fc00000,0x9fc00000,0x9fe80000)
 ParOldGen       total 41216K, used 9786K [0x73300000, 0x75b40000, 0x9dd80000)
  object space 41216K, 23% used [0x73300000,0x73c8e840,0x75b40000)
 PSPermGen       total 16384K, used 4698K [0x6b300000, 0x6c300000, 0x73300000)
  object space 16384K, 28% used [0x6b300000,0x6b796ad0,0x6c300000)

Deoptimization events (3 events):
Event: 1.671 Thread 0xb6408000 Uncommon trap: reason=predicate action=maybe_recompile pc=0xb3467768 method=com.android.dex.Leb128.readUnsignedLeb128(Lcom/android/dex/util/ByteInput;)I @ 41
Event: 2.193 Thread 0xb6408000 Uncommon trap: reason=unloaded action=reinterpret pc=0xb349d0b0 method=com.android.dx.merge.IndexMap$EncodedValueTransformer.transform(Lcom/android/dex/EncodedValueReader;)V @ 263
Event: 2.451 Thread 0xb6408000 Uncommon trap: reason=predicate action=maybe_recompile pc=0xb34a3a30 method=java.util.ComparableTimSort.binarySort([Ljava/lang/Object;III)V @ 37

Internal exceptions (10 events):
Event: 1.576 Thread 0xb6408000 Threw 0x9e7ae0a0 at /build/buildd/openjdk-7-7u75-2.5.4/build/openjdk/hotspot/src/share/vm/prims/jvm.cpp:1284
Event: 1.576 Thread 0xb6408000 Threw 0x9e7b1be8 at /build/buildd/openjdk-7-7u75-2.5.4/build/openjdk/hotspot/src/share/vm/prims/jvm.cpp:1284
Event: 1.576 Thread 0xb6408000 Threw 0x9e7b5880 at /build/buildd/openjdk-7-7u75-2.5.4/build/openjdk/hotspot/src/share/vm/prims/jvm.cpp:1284
Event: 1.578 Thread 0xb6408000 Threw 0x9e7bb500 at /build/buildd/openjdk-7-7u75-2.5.4/build/openjdk/hotspot/src/share/vm/prims/jvm.cpp:1284
Event: 1.578 Thread 0xb6408000 Threw 0x9e7bee50 at /build/buildd/openjdk-7-7u75-2.5.4/build/openjdk/hotspot/src/share/vm/prims/jvm.cpp:1284
Event: 1.578 Thread 0xb6408000 Threw 0x9e7c2970 at /build/buildd/openjdk-7-7u75-2.5.4/build/openjdk/hotspot/src/share/vm/prims/jvm.cpp:1284
Event: 1.579 Thread 0xb6408000 Threw 0x9e7c61e8 at /build/buildd/openjdk-7-7u75-2.5.4/build/openjdk/hotspot/src/share/vm/prims/jvm.cpp:1284
Event: 1.580 Thread 0xb6408000 Threw 0x9e80cd98 at /build/buildd/openjdk-7-7u75-2.5.4/build/openjdk/hotspot/src/share/vm/prims/jvm.cpp:1284
Event: 1.581 Thread 0xb6408000 Threw 0x9e80f748 at /build/buildd/openjdk-7-7u75-2.5.4/build/openjdk/hotspot/src/share/vm/prims/jvm.cpp:1284
Event: 2.043 Thread 0xb6408000 Threw 0x9e618080 at /build/buildd/openjdk-7-7u75-2.5.4/build/openjdk/hotspot/src/share/vm/prims/jvm.cpp:1284

Events (10 events):
Event: 2.193 Thread 0xb6408000 DEOPT PACKING pc=0xb349d0b0 sp=0xb65cfd50
Event: 2.193 Thread 0xb6408000 DEOPT UNPACKING pc=0xb341fbc8 sp=0xb65cfd44 mode 2
Event: 2.273 Executing VM operation: ParallelGCFailedAllocation
Event: 2.280 Executing VM operation: ParallelGCFailedAllocation done
Event: 2.361 loading class 0x6ac57b68
Event: 2.361 loading class 0x6ac57b68 done
Event: 2.451 Thread 0xb6408000 Uncommon trap: trap_request=0xffffff86 fr.pc=0xb34a3a30
Event: 2.451 Thread 0xb6408000 DEOPT PACKING pc=0xb34a3a30 sp=0xb65cfd60
Event: 2.451 Thread 0xb6408000 DEOPT UNPACKING pc=0xb341fbc8 sp=0xb65cfd58 mode 2
Event: 2.482 Executing VM operation: ParallelGCFailedAllocation


Dynamic libraries:
08048000-08049000 r-xp 00000000 08:07 3285217    /usr/lib/jvm/java-7-openjdk-i386/jre/bin/java
08049000-0804a000 r--p 00000000 08:07 3285217    /usr/lib/jvm/java-7-openjdk-i386/jre/bin/java
0804a000-0804b000 rw-p 00001000 08:07 3285217    /usr/lib/jvm/java-7-openjdk-i386/jre/bin/java
09cab000-09d43000 rw-p 00000000 00:00 0          [heap]
66900000-669ee000 rw-p 00000000 00:00 0 
669ee000-66a00000 ---p 00000000 00:00 0 
66a00000-66a8f000 rw-p 00000000 00:00 0 
66a8f000-66b00000 ---p 00000000 00:00 0 
66b00000-66bfd000 rw-p 00000000 00:00 0 
66bfd000-66c00000 ---p 00000000 00:00 0 
66c00000-66cf7000 rw-p 00000000 00:00 0 
66cf7000-66d00000 ---p 00000000 00:00 0 
66d00000-66df9000 rw-p 00000000 00:00 0 
66df9000-66e00000 ---p 00000000 00:00 0 
66e00000-66efc000 rw-p 00000000 00:00 0 
66efc000-66f00000 ---p 00000000 00:00 0 
66f00000-66ffa000 rw-p 00000000 00:00 0 
66ffa000-67000000 ---p 00000000 00:00 0 
670e3000-6711f000 r-xp 00000000 08:07 3146819    /lib/i386-linux-gnu/libpcre.so.3.13.1
6711f000-67120000 r--p 0003b000 08:07 3146819    /lib/i386-linux-gnu/libpcre.so.3.13.1
67120000-67121000 rw-p 0003c000 08:07 3146819    /lib/i386-linux-gnu/libpcre.so.3.13.1
67121000-6722b000 r-xp 00000000 08:07 3146803    /lib/i386-linux-gnu/libglib-2.0.so.0.4002.0
6722b000-6722c000 r--p 00109000 08:07 3146803    /lib/i386-linux-gnu/libglib-2.0.so.0.4002.0
6722c000-6722d000 rw-p 0010a000 08:07 3146803    /lib/i386-linux-gnu/libglib-2.0.so.0.4002.0
6722d000-6727d000 r-xp 00000000 08:07 3413822    /usr/lib/i386-linux-gnu/libgobject-2.0.so.0.4002.0
6727d000-6727e000 r--p 0004f000 08:07 3413822    /usr/lib/i386-linux-gnu/libgobject-2.0.so.0.4002.0
6727e000-6727f000 rw-p 00050000 08:07 3413822    /usr/lib/i386-linux-gnu/libgobject-2.0.so.0.4002.0
6727f000-673fc000 r-xp 00000000 08:07 3413824    /usr/lib/i386-linux-gnu/libgio-2.0.so.0.4002.0
673fc000-673fe000 r--p 0017d000 08:07 3413824    /usr/lib/i386-linux-gnu/libgio-2.0.so.0.4002.0
673fe000-673ff000 rw-p 0017f000 08:07 3413824    /usr/lib/i386-linux-gnu/libgio-2.0.so.0.4002.0
673ff000-67400000 rw-p 00000000 00:00 0 
67400000-674de000 rw-p 00000000 00:00 0 
674de000-67500000 ---p 00000000 00:00 0 
67509000-67529000 r-xp 00000000 08:07 3145758    /lib/i386-linux-gnu/libselinux.so.1
67529000-6752a000 r--p 0001f000 08:07 3145758    /lib/i386-linux-gnu/libselinux.so.1
6752a000-6752b000 rw-p 00020000 08:07 3145758    /lib/i386-linux-gnu/libselinux.so.1
6752b000-6752c000 rw-p 00000000 00:00 0 
6752c000-6752d000 ---p 00000000 00:00 0 
6752d000-675ad000 rw-p 00000000 00:00 0          [stack:5681]
675ad000-675b0000 ---p 00000000 00:00 0 
675b0000-675fe000 rw-p 00000000 00:00 0          [stack:5680]
675fe000-67601000 ---p 00000000 00:00 0 
67601000-6767f000 rw-p 00000000 00:00 0          [stack:5679]
6767f000-67682000 ---p 00000000 00:00 0 
67682000-67700000 rw-p 00000000 00:00 0          [stack:5678]
67700000-67900000 r--p 00000000 08:07 3414116    /usr/lib/locale/locale-archive
67900000-67921000 rw-p 00000000 00:00 0 
67921000-67a00000 ---p 00000000 00:00 0 
67a00000-67afb000 rw-p 00000000 00:00 0 
67afb000-67b00000 ---p 00000000 00:00 0 
67b0d000-67b10000 ---p 00000000 00:00 0 
67b10000-67b5e000 rw-p 00000000 00:00 0          [stack:5677]
67b5e000-67b61000 ---p 00000000 00:00 0 
67b61000-67baf000 rw-p 00000000 00:00 0          [stack:5676]
67baf000-67bb2000 ---p 00000000 00:00 0 
67bb2000-67c00000 rw-p 00000000 00:00 0          [stack:5675]
67c00000-67d00000 rw-p 00000000 00:00 0 
67d0c000-67d4e000 r--p 00858000 08:07 3414116    /usr/lib/locale/locale-archive
67d4e000-67d4f000 ---p 00000000 00:00 0 
67d4f000-67dcf000 rw-p 00000000 00:00 0          [stack:5674]
67dcf000-67f80000 r--s 01d23000 08:07 3285299    /usr/lib/jvm/java-7-openjdk-i386/jre/lib/rt.jar
67f80000-6a800000 rw-p 00000000 00:00 0 
6a800000-6a8f7000 rw-p 00000000 00:00 0 
6a8f7000-6a900000 ---p 00000000 00:00 0 
6a907000-6a91a000 r-xp 00000000 08:07 3145833    /lib/i386-linux-gnu/libresolv-2.19.so
6a91a000-6a91b000 ---p 00013000 08:07 3145833    /lib/i386-linux-gnu/libresolv-2.19.so
6a91b000-6a91c000 r--p 00013000 08:07 3145833    /lib/i386-linux-gnu/libresolv-2.19.so
6a91c000-6a91d000 rw-p 00014000 08:07 3145833    /lib/i386-linux-gnu/libresolv-2.19.so
6a91d000-6a91f000 rw-p 00000000 00:00 0 
6a936000-6a97f000 rw-p 00000000 00:00 0 
6a97f000-6a980000 ---p 00000000 00:00 0 
6a980000-6aa00000 rw-p 00000000 00:00 0          [stack:5673]
6aa00000-6aa21000 rw-p 00000000 00:00 0 
6aa21000-6ab00000 ---p 00000000 00:00 0 
6ab00000-6ab21000 rw-p 00000000 00:00 0 
6ab21000-6ac00000 ---p 00000000 00:00 0 
6ac0b000-6ac22000 r-xp 00000000 08:07 3285251    /usr/lib/jvm/java-7-openjdk-i386/jre/lib/i386/libnet.so
6ac22000-6ac23000 r--p 00017000 08:07 3285251    /usr/lib/jvm/java-7-openjdk-i386/jre/lib/i386/libnet.so
6ac23000-6ac24000 rw-p 00018000 08:07 3285251    /usr/lib/jvm/java-7-openjdk-i386/jre/lib/i386/libnet.so
6ac24000-6ac7f000 rw-p 00000000 00:00 0 
6ac7f000-6ac80000 ---p 00000000 00:00 0 
6ac80000-6ad00000 rw-p 00000000 00:00 0          [stack:5672]
6ad00000-6ad21000 rw-p 00000000 00:00 0 
6ad21000-6ae00000 ---p 00000000 00:00 0 
6ae09000-6ae0d000 r--s 0004d000 08:07 3285226    /usr/lib/jvm/java-7-openjdk-i386/jre/lib/jsse.jar
6ae0d000-6ae12000 r-xp 00000000 08:07 3410976    /usr/lib/i386-linux-gnu/libffi.so.6.0.1
6ae12000-6ae13000 r--p 00005000 08:07 3410976    /usr/lib/i386-linux-gnu/libffi.so.6.0.1
6ae13000-6ae14000 rw-p 00006000 08:07 3410976    /usr/lib/i386-linux-gnu/libffi.so.6.0.1
6ae14000-6ae25000 r-xp 00000000 08:07 3285243    /usr/lib/jvm/java-7-openjdk-i386/jre/lib/i386/libnio.so
6ae25000-6ae26000 r--p 00010000 08:07 3285243    /usr/lib/jvm/java-7-openjdk-i386/jre/lib/i386/libnio.so
6ae26000-6ae27000 rw-p 00011000 08:07 3285243    /usr/lib/jvm/java-7-openjdk-i386/jre/lib/i386/libnio.so
6ae27000-6ae28000 ---p 00000000 00:00 0 
6ae28000-6aea8000 rw-p 00000000 00:00 0          [stack:5671]
6aea8000-6aea9000 ---p 00000000 00:00 0 
6aea9000-6af31000 rw-p 00000000 00:00 0          [stack:5670]
6af31000-6af69000 rw-p 00000000 00:00 0 
6af69000-6af7e000 rw-p 00000000 00:00 0 
6af7e000-6b0bf000 rw-p 00000000 00:00 0 
6b0bf000-6b0c7000 rw-p 00000000 00:00 0 
6b0c7000-6b0ff000 rw-p 00000000 00:00 0 
6b0ff000-6b114000 rw-p 00000000 00:00 0 
6b114000-6b254000 rw-p 00000000 00:00 0 
6b254000-6b266000 rw-p 00000000 00:00 0 
6b266000-6b2ff000 rw-p 00000000 00:00 0 
6b2ff000-6c300000 rw-p 00000000 00:00 0 
6c300000-73300000 rw-p 00000000 00:00 0 
73300000-75b40000 rw-p 00000000 00:00 0 
75b40000-9dd80000 rw-p 00000000 00:00 0 
9dd80000-a0100000 rw-p 00000000 00:00 0 
a2e80000-b3300000 rw-p 00000000 00:00 0 
b3302000-b3305000 r-xp 00000000 08:07 3413825    /usr/lib/i386-linux-gnu/libgmodule-2.0.so.0.4002.0
b3305000-b3306000 r--p 00002000 08:07 3413825    /usr/lib/i386-linux-gnu/libgmodule-2.0.so.0.4002.0
b3306000-b3307000 rw-p 00003000 08:07 3413825    /usr/lib/i386-linux-gnu/libgmodule-2.0.so.0.4002.0
b3307000-b3316000 r--s 000dd000 08:07 1182132    /home/imran/Android/Sdk/build-tools/21.1.2/lib/dx.jar
b3316000-b3318000 r--s 00012000 08:07 3285274    /usr/lib/jvm/java-7-openjdk-i386/jre/lib/ext/zipfs.jar
b3318000-b333c000 rw-p 00000000 00:00 0 
b333c000-b33f3000 rw-p 00000000 00:00 0 
b33f3000-b3633000 rwxp 00000000 00:00 0 
b3633000-b63f3000 rw-p 00000000 00:00 0 
b63f3000-b63fe000 r-xp 00000000 08:07 3146755    /lib/i386-linux-gnu/libnss_files-2.19.so
b63fe000-b63ff000 r--p 0000a000 08:07 3146755    /lib/i386-linux-gnu/libnss_files-2.19.so
b63ff000-b6400000 rw-p 0000b000 08:07 3146755    /lib/i386-linux-gnu/libnss_files-2.19.so
b6400000-b6500000 rw-p 00000000 00:00 0 
b6500000-b6503000 r--s 0000f000 08:07 3285273    /usr/lib/jvm/java-7-openjdk-i386/jre/lib/ext/icedtea-sound.jar
b6503000-b6507000 r--s 00034000 08:07 3285275    /usr/lib/jvm/java-7-openjdk-i386/jre/lib/ext/sunjce_provider.jar
b6507000-b6509000 r--s 00006000 08:07 3804587    /usr/share/java/java-atk-wrapper.jar
b6509000-b6513000 r-xp 00000000 08:07 3145821    /lib/i386-linux-gnu/libnss_nis-2.19.so
b6513000-b6514000 r--p 00009000 08:07 3145821    /lib/i386-linux-gnu/libnss_nis-2.19.so
b6514000-b6515000 rw-p 0000a000 08:07 3145821    /lib/i386-linux-gnu/libnss_nis-2.19.so
b6515000-b652a000 r-xp 00000000 08:07 3145822    /lib/i386-linux-gnu/libnsl-2.19.so
b652a000-b652b000 r--p 00015000 08:07 3145822    /lib/i386-linux-gnu/libnsl-2.19.so
b652b000-b652c000 rw-p 00016000 08:07 3145822    /lib/i386-linux-gnu/libnsl-2.19.so
b652c000-b652e000 rw-p 00000000 00:00 0 
b652e000-b6535000 r-xp 00000000 08:07 3145827    /lib/i386-linux-gnu/libnss_compat-2.19.so
b6535000-b6536000 r--p 00006000 08:07 3145827    /lib/i386-linux-gnu/libnss_compat-2.19.so
b6536000-b6537000 rw-p 00007000 08:07 3145827    /lib/i386-linux-gnu/libnss_compat-2.19.so
b6538000-b653c000 r--s 0003c000 08:07 3285276    /usr/lib/jvm/java-7-openjdk-i386/jre/lib/ext/sunpkcs11.jar
b653c000-b6544000 r-xp 00000000 08:07 3285246    /usr/lib/jvm/java-7-openjdk-i386/jre/lib/i386/libzip.so
b6544000-b6545000 r--p 00007000 08:07 3285246    /usr/lib/jvm/java-7-openjdk-i386/jre/lib/i386/libzip.so
b6545000-b6546000 rw-p 00008000 08:07 3285246    /usr/lib/jvm/java-7-openjdk-i386/jre/lib/i386/libzip.so
b6546000-b654e000 rw-s 00000000 08:07 3416232    /tmp/hsperfdata_imran/5664
b654e000-b6575000 r-xp 00000000 08:07 3285231    /usr/lib/jvm/java-7-openjdk-i386/jre/lib/i386/libjava.so
b6575000-b6576000 r--p 00026000 08:07 3285231    /usr/lib/jvm/java-7-openjdk-i386/jre/lib/i386/libjava.so
b6576000-b6577000 rw-p 00027000 08:07 3285231    /usr/lib/jvm/java-7-openjdk-i386/jre/lib/i386/libjava.so
b6577000-b657e000 r-xp 00000000 08:07 3149999    /lib/i386-linux-gnu/librt-2.19.so
b657e000-b657f000 r--p 00006000 08:07 3149999    /lib/i386-linux-gnu/librt-2.19.so
b657f000-b6580000 rw-p 00007000 08:07 3149999    /lib/i386-linux-gnu/librt-2.19.so
b6580000-b6583000 ---p 00000000 00:00 0 
b6583000-b65d1000 rw-p 00000000 00:00 0          [stack:5669]
b65d1000-b65ed000 r-xp 00000000 08:07 3145757    /lib/i386-linux-gnu/libgcc_s.so.1
b65ed000-b65ee000 rw-p 0001b000 08:07 3145757    /lib/i386-linux-gnu/libgcc_s.so.1
b65ee000-b6632000 r-xp 00000000 08:07 3145826    /lib/i386-linux-gnu/libm-2.19.so
b6632000-b6633000 r--p 00043000 08:07 3145826    /lib/i386-linux-gnu/libm-2.19.so
b6633000-b6634000 rw-p 00044000 08:07 3145826    /lib/i386-linux-gnu/libm-2.19.so
b6634000-b6710000 r-xp 00000000 08:07 3411602    /usr/lib/i386-linux-gnu/libstdc++.so.6.0.19
b6710000-b6711000 ---p 000dc000 08:07 3411602    /usr/lib/i386-linux-gnu/libstdc++.so.6.0.19
b6711000-b6715000 r--p 000dc000 08:07 3411602    /usr/lib/i386-linux-gnu/libstdc++.so.6.0.19
b6715000-b6716000 rw-p 000e0000 08:07 3411602    /usr/lib/i386-linux-gnu/libstdc++.so.6.0.19
b6716000-b671d000 rw-p 00000000 00:00 0 
b671d000-b710b000 r-xp 00000000 08:07 3285255    /usr/lib/jvm/java-7-openjdk-i386/jre/lib/i386/server/libjvm.so
b710b000-b715d000 r--p 009ed000 08:07 3285255    /usr/lib/jvm/java-7-openjdk-i386/jre/lib/i386/server/libjvm.so
b715d000-b7171000 rw-p 00a3f000 08:07 3285255    /usr/lib/jvm/java-7-openjdk-i386/jre/lib/i386/server/libjvm.so
b7171000-b758f000 rw-p 00000000 00:00 0 
b758f000-b75a7000 r-xp 00000000 08:07 3146879    /lib/i386-linux-gnu/libz.so.1.2.8
b75a7000-b75a8000 r--p 00017000 08:07 3146879    /lib/i386-linux-gnu/libz.so.1.2.8
b75a8000-b75a9000 rw-p 00018000 08:07 3146879    /lib/i386-linux-gnu/libz.so.1.2.8
b75a9000-b75c1000 r-xp 00000000 08:07 3145831    /lib/i386-linux-gnu/libpthread-2.19.so
b75c1000-b75c2000 r--p 00018000 08:07 3145831    /lib/i386-linux-gnu/libpthread-2.19.so
b75c2000-b75c3000 rw-p 00019000 08:07 3145831    /lib/i386-linux-gnu/libpthread-2.19.so
b75c3000-b75c5000 rw-p 00000000 00:00 0 
b75c5000-b75c8000 r-xp 00000000 08:07 3145819    /lib/i386-linux-gnu/libdl-2.19.so
b75c8000-b75c9000 r--p 00002000 08:07 3145819    /lib/i386-linux-gnu/libdl-2.19.so
b75c9000-b75ca000 rw-p 00003000 08:07 3145819    /lib/i386-linux-gnu/libdl-2.19.so
b75ca000-b7772000 r-xp 00000000 08:07 3145818    /lib/i386-linux-gnu/libc-2.19.so
b7772000-b7774000 r--p 001a8000 08:07 3145818    /lib/i386-linux-gnu/libc-2.19.so
b7774000-b7775000 rw-p 001aa000 08:07 3145818    /lib/i386-linux-gnu/libc-2.19.so
b7775000-b7778000 rw-p 00000000 00:00 0 
b7778000-b777b000 r--s 00086000 08:07 3285272    /usr/lib/jvm/java-7-openjdk-i386/jre/lib/ext/localedata.jar
b777b000-b777c000 r--s 00002000 08:07 3285271    /usr/lib/jvm/java-7-openjdk-i386/jre/lib/ext/dnsns.jar
b777c000-b777d000 r--p 00855000 08:07 3414116    /usr/lib/locale/locale-archive
b777d000-b777e000 rw-p 00000000 00:00 0 
b777e000-b777f000 ---p 00000000 00:00 0 
b777f000-b778d000 r-xp 00000000 08:07 3285245    /usr/lib/jvm/java-7-openjdk-i386/jre/lib/i386/libverify.so
b778d000-b778e000 r--p 0000d000 08:07 3285245    /usr/lib/jvm/java-7-openjdk-i386/jre/lib/i386/libverify.so
b778e000-b778f000 rw-p 0000e000 08:07 3285245    /usr/lib/jvm/java-7-openjdk-i386/jre/lib/i386/libverify.so
b778f000-b779b000 r-xp 00000000 08:07 3285234    /usr/lib/jvm/java-7-openjdk-i386/jre/lib/i386/jli/libjli.so
b779b000-b779c000 r--p 0000c000 08:07 3285234    /usr/lib/jvm/java-7-openjdk-i386/jre/lib/i386/jli/libjli.so
b779c000-b779d000 rw-p 0000d000 08:07 3285234    /usr/lib/jvm/java-7-openjdk-i386/jre/lib/i386/jli/libjli.so
b779d000-b77a0000 rw-p 00000000 00:00 0 
b77a0000-b77a1000 r-xp 00000000 00:00 0          [vdso]
b77a1000-b77c1000 r-xp 00000000 08:07 3145820    /lib/i386-linux-gnu/ld-2.19.so
b77c1000-b77c2000 r--p 0001f000 08:07 3145820    /lib/i386-linux-gnu/ld-2.19.so
b77c2000-b77c3000 rw-p 00020000 08:07 3145820    /lib/i386-linux-gnu/ld-2.19.so
bff1a000-bff1b000 rwxp 00000000 00:00 0 
bff4c000-bff6e000 rw-p 00000000 00:00 0          [stack]

VM Arguments:
jvm_args: -Xmx1024M -Dfile.encoding=UTF-8 -Duser.country=US -Duser.language=en -Duser.variant 
java_command: com.android.dx.command.Main --dex --output /home/imran/AndroidStudioProjects/Message/app/build/intermediates/dex/debug /home/imran/AndroidStudioProjects/Message/app/build/intermediates/classes/debug /home/imran/AndroidStudioProjects/Message/app/build/intermediates/pre-dexed/debug/support-annotations-22.0.0-a2d8f181252e68bb33b2a7c9363e0b69aea3fad2.jar /home/imran/AndroidStudioProjects/Message/app/build/intermediates/pre-dexed/debug/bolts-android-1.2.0-d2f56abc7b228133450afb9813a74e0fc81cd439.jar /home/imran/AndroidStudioProjects/Message/app/build/intermediates/pre-dexed/debug/internal_impl-22.0.0-68d6f527a327440a15802beb3c854c567837de4d.jar /home/imran/AndroidStudioProjects/Message/app/build/intermediates/pre-dexed/debug/classes-3509ac79ebee6bb8f28ca1512e90065cdd6c246d.jar /home/imran/AndroidStudioProjects/Message/app/build/intermediates/pre-dexed/debug/Parse-1.8.4-9d29252542c2f9ad03f10bcab2bcbbebcc195291.jar /home/imran/AndroidStudioProjects/Message/app/build/intermediates/pre-dexed/debug/classes-7bb83c85ffb4c213745dc510cf48c2e8c4ba1b26.jar
Launcher Type: SUN_STANDARD

Environment Variables:
JAVA_HOME=/usr/lib/jvm/java-7-oracle
CLASSPATH=./../lib/bootstrap.jar:./../lib/extensions.jar:./../lib/util.jar:./../lib/jdom.jar:./../lib/log4j.jar:./../lib/trove4j.jar:./../lib/jna.jar:/usr/lib/jvm/java-7-oracle/lib/tools.jar
PATH=/home//.genymotion:/home//.genymotion:/usr/local/sbin:/usr/local/bin:/usr/sbin:/usr/bin:/sbin:/bin:/usr/games:/usr/local/games:/usr/lib/jvm/java-7-oracle/bin:/usr/lib/jvm/java-7-oracle/db/bin:/usr/lib/jvm/java-7-oracle/jre/bin
LD_LIBRARY_PATH=.:
SHELL=/bin/bash
DISPLAY=:0

Signal Handlers:
SIGSEGV: [libjvm.so+0x80c740], sa_mask[0]=0x7ffbfeff, sa_flags=0x10000004
SIGBUS: [libjvm.so+0x80c740], sa_mask[0]=0x7ffbfeff, sa_flags=0x10000004
SIGFPE: [libjvm.so+0x6847c0], sa_mask[0]=0x7ffbfeff, sa_flags=0x10000004
SIGPIPE: [libjvm.so+0x6847c0], sa_mask[0]=0x7ffbfeff, sa_flags=0x10000004
SIGXFSZ: [libjvm.so+0x6847c0], sa_mask[0]=0x7ffbfeff, sa_flags=0x10000004
SIGILL: [libjvm.so+0x6847c0], sa_mask[0]=0x7ffbfeff, sa_flags=0x10000004
SIGUSR1: SIG_DFL, sa_mask[0]=0x00000000, sa_flags=0x00000000
SIGUSR2: [libjvm.so+0x684650], sa_mask[0]=0x00000004, sa_flags=0x10000004
SIGHUP: [libjvm.so+0x684880], sa_mask[0]=0x7ffbfeff, sa_flags=0x10000004
SIGINT: [libjvm.so+0x684880], sa_mask[0]=0x7ffbfeff, sa_flags=0x10000004
SIGTERM: [libjvm.so+0x684880], sa_mask[0]=0x7ffbfeff, sa_flags=0x10000004
SIGQUIT: [libjvm.so+0x684880], sa_mask[0]=0x7ffbfeff, sa_flags=0x10000004
SIGTRAP: SIG_DFL, sa_mask[0]=0x00000000, sa_flags=0x00000000


---------------  S Y S T E M  ---------------

OS:Ubuntu 14.04 (trusty)
uname:Linux 3.13.0-48-generic #80-Ubuntu SMP Thu Mar 12 11:16:18 UTC 2015 i686
libc:glibc 2.19 NPTL 2.19 
rlimit: STACK 8192k, CORE 0k, NPROC 30800, NOFILE 4096, AS infinity
load average:3.70 2.89 1.74

/proc/meminfo:
MemTotal:        3961728 kB
MemFree:          220524 kB
Buffers:             220 kB
Cached:           560644 kB
SwapCached:            0 kB
Active:          2555124 kB
Inactive:         549128 kB
Active(anon):    2550908 kB
Inactive(anon):   544916 kB
Active(file):       4216 kB
Inactive(file):     4212 kB
Unevictable:          64 kB
Mlocked:              64 kB
HighTotal:       3106860 kB
HighFree:          64616 kB
LowTotal:         854868 kB
LowFree:          155908 kB
SwapTotal:             0 kB
SwapFree:              0 kB
Dirty:                88 kB
Writeback:             0 kB
AnonPages:       2543712 kB
Mapped:           714940 kB
Shmem:            552220 kB
Slab:              42632 kB
SReclaimable:      17984 kB
SUnreclaim:        24648 kB
KernelStack:        5072 kB
PageTables:        17668 kB
NFS_Unstable:          0 kB
Bounce:               72 kB
WritebackTmp:          0 kB
CommitLimit:     1980864 kB
Committed_AS:    7302080 kB
VmallocTotal:     122880 kB
VmallocUsed:       19232 kB
VmallocChunk:      97780 kB
HardwareCorrupted:     0 kB
AnonHugePages:   1593344 kB
HugePages_Total:       0
HugePages_Free:        0
HugePages_Rsvd:        0
HugePages_Surp:        0
Hugepagesize:       2048 kB
DirectMap4k:       32760 kB
DirectMap2M:      880640 kB


CPU:total 4 (2 cores per cpu, 2 threads per core) family 6 model 60 stepping 3, cmov, cx8, fxsr, mmx, sse, sse2, sse3, ssse3, sse4.1, sse4.2, popcnt, avx, avx2, aes, erms, ht, tsc, tscinvbit

/proc/cpuinfo:
processor	: 0
vendor_id	: GenuineIntel
cpu family	: 6
model		: 60
model name	: Intel(R) Core(TM) i3-4150 CPU @ 3.50GHz
stepping	: 3
microcode	: 0x12
cpu MHz		: 3500.000
cache size	: 3072 KB
physical id	: 0
siblings	: 4
core id		: 0
cpu cores	: 2
apicid		: 0
initial apicid	: 0
fdiv_bug	: no
f00f_bug	: no
coma_bug	: no
fpu		: yes
fpu_exception	: yes
cpuid level	: 13
wp		: yes
flags		: fpu vme de pse tsc msr pae mce cx8 apic sep mtrr pge mca cmov pat pse36 clflush dts acpi mmx fxsr sse sse2 ss ht tm pbe nx pdpe1gb rdtscp lm constant_tsc arch_perfmon pebs bts xtopology nonstop_tsc aperfmperf eagerfpu pni pclmulqdq dtes64 monitor ds_cpl vmx est tm2 ssse3 fma cx16 xtpr pdcm pcid sse4_1 sse4_2 movbe popcnt tsc_deadline_timer aes xsave avx f16c rdrand lahf_lm abm arat xsaveopt pln pts dtherm tpr_shadow vnmi flexpriority ept vpid fsgsbase tsc_adjust bmi1 avx2 smep bmi2 erms invpcid
bogomips	: 6984.10
clflush size	: 64
cache_alignment	: 64
address sizes	: 39 bits physical, 48 bits virtual
power management:

processor	: 1
vendor_id	: GenuineIntel
cpu family	: 6
model		: 60
model name	: Intel(R) Core(TM) i3-4150 CPU @ 3.50GHz
stepping	: 3
microcode	: 0x12
cpu MHz		: 3000.000
cache size	: 3072 KB
physical id	: 0
siblings	: 4
core id		: 1
cpu cores	: 2
apicid		: 2
initial apicid	: 2
fdiv_bug	: no
f00f_bug	: no
coma_bug	: no
fpu		: yes
fpu_exception	: yes
cpuid level	: 13
wp		: yes
flags		: fpu vme de pse tsc msr pae mce cx8 apic sep mtrr pge mca cmov pat pse36 clflush dts acpi mmx fxsr sse sse2 ss ht tm pbe nx pdpe1gb rdtscp lm constant_tsc arch_perfmon pebs bts xtopology nonstop_tsc aperfmperf eagerfpu pni pclmulqdq dtes64 monitor ds_cpl vmx est tm2 ssse3 fma cx16 xtpr pdcm pcid sse4_1 sse4_2 movbe popcnt tsc_deadline_timer aes xsave avx f16c rdrand lahf_lm abm arat xsaveopt pln pts dtherm tpr_shadow vnmi flexpriority ept vpid fsgsbase tsc_adjust bmi1 avx2 smep bmi2 erms invpcid
bogomips	: 6984.10
clflush size	: 64
cache_alignment	: 64
address sizes	: 39 bits physical, 48 bits virtual
power management:

processor	: 2
vendor_id	: GenuineIntel
cpu family	: 6
model		: 60
model name	: Intel(R) Core(TM) i3-4150 CPU @ 3.50GHz
stepping	: 3
microcode	: 0x12
cpu MHz		: 3500.000
cache size	: 3072 KB
physical id	: 0
siblings	: 4
core id		: 0
cpu cores	: 2
apicid		: 1
initial apicid	: 1
fdiv_bug	: no
f00f_bug	: no
coma_bug	: no
fpu		: yes
fpu_exception	: yes
cpuid level	: 13
wp		: yes
flags		: fpu vme de pse tsc msr pae mce cx8 apic sep mtrr pge mca cmov pat pse36 clflush dts acpi mmx fxsr sse sse2 ss ht tm pbe nx pdpe1gb rdtscp lm constant_tsc arch_perfmon pebs bts xtopology nonstop_tsc aperfmperf eagerfpu pni pclmulqdq dtes64 monitor ds_cpl vmx est tm2 ssse3 fma cx16 xtpr pdcm pcid sse4_1 sse4_2 movbe popcnt tsc_deadline_timer aes xsave avx f16c rdrand lahf_lm abm arat xsaveopt pln pts dtherm tpr_shadow vnmi flexpriority ept vpid fsgsbase tsc_adjust bmi1 avx2 smep bmi2 erms invpcid
bogomips	: 6984.10
clflush size	: 64
cache_alignment	: 64
address sizes	: 39 bits physical, 48 bits virtual
power management:

processor	: 3
vendor_id	: GenuineIntel
cpu family	: 6
model		: 60
model name	: Intel(R) Core(TM) i3-4150 CPU @ 3.50GHz
stepping	: 3
microcode	: 0x12
cpu MHz		: 3100.000
cache size	: 3072 KB
physical id	: 0
siblings	: 4
core id		: 1
cpu cores	: 2
apicid		: 3
initial apicid	: 3
fdiv_bug	: no
f00f_bug	: no
coma_bug	: no
fpu		: yes
fpu_exception	: yes
cpuid level	: 13
wp		: yes
flags		: fpu vme de pse tsc msr pae mce cx8 apic sep mtrr pge mca cmov pat pse36 clflush dts acpi mmx fxsr sse sse2 ss ht tm pbe nx pdpe1gb rdtscp lm constant_tsc arch_perfmon pebs bts xtopology nonstop_tsc aperfmperf eagerfpu pni pclmulqdq dtes64 monitor ds_cpl vmx est tm2 ssse3 fma cx16 xtpr pdcm pcid sse4_1 sse4_2 movbe popcnt tsc_deadline_timer aes xsave avx f16c rdrand lahf_lm abm arat xsaveopt pln pts dtherm tpr_shadow vnmi flexpriority ept vpid fsgsbase tsc_adjust bmi1 avx2 smep bmi2 erms invpcid
bogomips	: 6984.10
clflush size	: 64
cache_alignment	: 64
address sizes	: 39 bits physical, 48 bits virtual
power management:



Memory: 4k page, physical 3961728k(220968k free), swap 0k(0k free)

vm_info: OpenJDK Server VM (24.75-b04) for linux-x86 JRE (1.7.0_75-b13), built on Jan 27 2015 00:41:34 by "buildd" with gcc 4.8.2

time: Thu Mar 26 19:35:20 2015
elapsed time: 3 seconds

