#
# There is insufficient memory for the Java Runtime Environment to continue.
# Native memory allocation (malloc) failed to allocate 47710208 bytes for committing reserved memory.
# Possible reasons:
#   The system is out of physical RAM or swap space
#   In 32 bit mode, the process size limit was hit
# Possible solutions:
#   Reduce memory load on the system
#   Increase physical memory or swap space
#   Check if swap backing store is full
#   Use 64 bit Java on a 64 bit OS
#   Decrease Java heap size (-Xmx/-Xms)
#   Decrease number of Java threads
#   Decrease Java thread stack sizes (-Xss)
#   Set larger code cache with -XX:ReservedCodeCacheSize=
# This output file may be truncated or incomplete.
#
#  Out of Memory Error (os_linux.cpp:2798), pid=7943, tid=1742531392
#
# JRE version: OpenJDK Runtime Environment (7.0_75-b13) (build 1.7.0_75-b13)
# Java VM: OpenJDK Server VM (24.75-b04 mixed mode linux-x86 )
# Derivative: IcedTea 2.5.4
# Distribution: Ubuntu 14.04 LTS, package 7u75-2.5.4-1~trusty1
# Failed to write core dump. Core dumps have been disabled. To enable core dumping, try "ulimit -c unlimited" before starting Java again
#

---------------  T H R E A D  ---------------

Current thread (0x67c80c00):  VMThread [stack: 0x67d4e000,0x67dcf000] [id=7952]

Stack: [0x67d4e000,0x67dcf000]
VM_Operation (0xb65bccd8): ParallelGCFailedAllocation, mode: safepoint, requested by thread 0xb6408000


---------------  P R O C E S S  ---------------

Java Threads: ( => current thread )
  0x67c9c800 JavaThread "Service Thread" daemon [_thread_blocked, id=7958, stack(0x675ad000,0x675fe000)]
  0x67c9ac00 JavaThread "C2 CompilerThread1" daemon [_thread_blocked, id=7957, stack(0x675fe000,0x6767f000)]
  0x67c98800 JavaThread "C2 CompilerThread0" daemon [_thread_blocked, id=7956, stack(0x6767f000,0x67700000)]
  0x67c97000 JavaThread "Signal Dispatcher" daemon [_thread_blocked, id=7955, stack(0x67b0d000,0x67b5e000)]
  0x67c84c00 JavaThread "Finalizer" daemon [_thread_blocked, id=7954, stack(0x67b5e000,0x67baf000)]
  0x67c83400 JavaThread "Reference Handler" daemon [_thread_blocked, id=7953, stack(0x67baf000,0x67c00000)]
  0xb6408000 JavaThread "main" [_thread_blocked, id=7947, stack(0xb656d000,0xb65be000)]

Other Threads:
=>0x67c80c00 VMThread [stack: 0x67d4e000,0x67dcf000] [id=7952]
  0x67c9e800 WatcherThread [stack: 0x6752c000,0x675ad000] [id=7959]

VM state:at safepoint (normal execution)

VM Mutex/Monitor currently owned by a thread:  ([mutex/lock_event])
[0xb6405868] Threads_lock - owner thread: 0x67c80c00
[0xb6405c78] Heap_lock - owner thread: 0xb6408000

Heap
 PSYoungGen      total 33792K, used 2552K [0x9dd80000, 0xa0100000, 0xb3300000)
  eden space 31232K, 0% used [0x9dd80000,0x9dd80000,0x9fc00000)
  from space 2560K, 99% used [0x9fc00000,0x9fe7e360,0x9fe80000)
  to   space 2560K, 0% used [0x9fe80000,0x9fe80000,0xa0100000)
 ParOldGen       total 41216K, used 19995K [0x73300000, 0x75b40000, 0x9dd80000)
  object space 41216K, 48% used [0x73300000,0x74686eb0,0x75b40000)
 PSPermGen       total 16384K, used 4732K [0x6b300000, 0x6c300000, 0x73300000)
  object space 16384K, 28% used [0x6b300000,0x6b79f1d0,0x6c300000)

Card table byte_map: [0x6b0bf000,0x6b300000] byte_map_base: 0x6ad65800

Polling page: 0xb776b000

Code Cache  [0xb33e7000, 0xb3627000, 0xb63e7000)
 total_blobs=538 nmethods=405 adapters=86 free_code_cache=48206Kb largest_free_block=49329344

Compilation events (10 events):
Event: 2.282 Thread 0x67c98800 nmethod 402 0xb34d5388 code [0xb34d5480, 0xb34d5610]
Event: 2.282 Thread 0x67c98800  403             com.android.dx.io.instructions.InstructionCodec$10::decode (50 bytes)
Event: 2.282 Thread 0x67c9ac00 nmethod 401 0xb34c2648 code [0xb34c2780, 0xb34c2cb0]
Event: 2.282 Thread 0x67c9ac00  404             com.android.dx.io.instructions.InstructionCodec$10::encode (30 bytes)
Event: 2.284 Thread 0x67c9ac00 nmethod 404 0xb34d4e48 code [0xb34d4f60, 0xb34d5110]
Event: 2.284 Thread 0x67c98800 nmethod 403 0xb347b3c8 code [0xb347b4e0, 0xb347b690]
Event: 2.284 Thread 0x67c9ac00  405             com.android.dx.merge.InstructionTransformer$TypeVisitor::visit (63 bytes)
Event: 2.284 Thread 0x67c98800  406             com.android.dx.io.instructions.ThreeRegisterDecodedInstruction::<init> (32 bytes)
Event: 2.285 Thread 0x67c98800 nmethod 406 0xb34d4ac8 code [0xb34d4bc0, 0xb34d4cb0]
Event: 2.285 Thread 0x67c98800  407             com.android.dx.io.instructions.InstructionCodec$4::decode (41 bytes)

GC Heap History (9 events):
Event: 1.439 GC heap before
{Heap before GC invocations=1 (full 0):
 PSYoungGen      total 18176K, used 15557K [0x9dd80000, 0x9f1c0000, 0xb3300000)
  eden space 15616K, 99% used [0x9dd80000,0x9ecb1738,0x9ecc0000)
  from space 2560K, 0% used [0x9ef40000,0x9ef40000,0x9f1c0000)
  to   space 2560K, 0% used [0x9ecc0000,0x9ecc0000,0x9ef40000)
 ParOldGen       total 41216K, used 0K [0x73300000, 0x75b40000, 0x9dd80000)
  object space 41216K, 0% used [0x73300000,0x73300000,0x75b40000)
 PSPermGen       total 16384K, used 3796K [0x6b300000, 0x6c300000, 0x73300000)
  object space 16384K, 23% used [0x6b300000,0x6b6b5358,0x6c300000)
Event: 1.451 GC heap after
Heap after GC invocations=1 (full 0):
 PSYoungGen      total 18176K, used 2548K [0x9dd80000, 0x9f1c0000, 0xb3300000)
  eden space 15616K, 0% used [0x9dd80000,0x9dd80000,0x9ecc0000)
  from space 2560K, 99% used [0x9ecc0000,0x9ef3d248,0x9ef40000)
  to   space 2560K, 0% used [0x9ef40000,0x9ef40000,0x9f1c0000)
 ParOldGen       total 41216K, used 1756K [0x73300000, 0x75b40000, 0x9dd80000)
  object space 41216K, 4% used [0x73300000,0x734b7230,0x75b40000)
 PSPermGen       total 16384K, used 3796K [0x6b300000, 0x6c300000, 0x73300000)
  object space 16384K, 23% used [0x6b300000,0x6b6b5358,0x6c300000)
}
Event: 1.832 GC heap before
{Heap before GC invocations=2 (full 0):
 PSYoungGen      total 18176K, used 18164K [0x9dd80000, 0x9f1c0000, 0xb3300000)
  eden space 15616K, 100% used [0x9dd80000,0x9ecc0000,0x9ecc0000)
  from space 2560K, 99% used [0x9ecc0000,0x9ef3d248,0x9ef40000)
  to   space 2560K, 0% used [0x9ef40000,0x9ef40000,0x9f1c0000)
 ParOldGen       total 41216K, used 1756K [0x73300000, 0x75b40000, 0x9dd80000)
  object space 41216K, 4% used [0x73300000,0x734b7230,0x75b40000)
 PSPermGen       total 16384K, used 4677K [0x6b300000, 0x6c300000, 0x73300000)
  object space 16384K, 28% used [0x6b300000,0x6b791448,0x6c300000)
Event: 1.837 GC heap after
Heap after GC invocations=2 (full 0):
 PSYoungGen      total 18176K, used 2557K [0x9dd80000, 0xa0100000, 0xb3300000)
  eden space 15616K, 0% used [0x9dd80000,0x9dd80000,0x9ecc0000)
  from space 2560K, 99% used [0x9ef40000,0x9f1bf728,0x9f1c0000)
  to   space 2560K, 0% used [0x9ecc0000,0x9ecc0000,0x9ef40000)
 ParOldGen       total 41216K, used 5109K [0x73300000, 0x75b40000, 0x9dd80000)
  object space 41216K, 12% used [0x73300000,0x737fd430,0x75b40000)
 PSPermGen       total 16384K, used 4677K [0x6b300000, 0x6c300000, 0x73300000)
  object space 16384K, 28% used [0x6b300000,0x6b791448,0x6c300000)
}
Event: 2.020 GC heap before
{Heap before GC invocations=3 (full 0):
 PSYoungGen      total 18176K, used 17346K [0x9dd80000, 0xa0100000, 0xb3300000)
  eden space 15616K, 94% used [0x9dd80000,0x9ebf13c8,0x9ecc0000)
  from space 2560K, 99% used [0x9ef40000,0x9f1bf728,0x9f1c0000)
  to   space 2560K, 0% used [0x9ecc0000,0x9ecc0000,0x9ef40000)
 ParOldGen       total 41216K, used 5109K [0x73300000, 0x75b40000, 0x9dd80000)
  object space 41216K, 12% used [0x73300000,0x737fd430,0x75b40000)
 PSPermGen       total 16384K, used 4703K [0x6b300000, 0x6c300000, 0x73300000)
  object space 16384K, 28% used [0x6b300000,0x6b797de8,0x6c300000)
Event: 2.024 GC heap after
Heap after GC invocations=3 (full 0):
 PSYoungGen      total 18176K, used 2554K [0x9dd80000, 0xa0100000, 0xb3300000)
  eden space 15616K, 0% used [0x9dd80000,0x9dd80000,0x9ecc0000)
  from space 2560K, 99% used [0x9ecc0000,0x9ef3ebc8,0x9ef40000)
  to   space 2560K, 0% used [0x9fe80000,0x9fe80000,0xa0100000)
 ParOldGen       total 41216K, used 7572K [0x73300000, 0x75b40000, 0x9dd80000)
  object space 41216K, 18% used [0x73300000,0x73a65188,0x75b40000)
 PSPermGen       total 16384K, used 4703K [0x6b300000, 0x6c300000, 0x73300000)
  object space 16384K, 28% used [0x6b300000,0x6b797de8,0x6c300000)
}
Event: 2.108 GC heap before
{Heap before GC invocations=4 (full 0):
 PSYoungGen      total 18176K, used 18170K [0x9dd80000, 0xa0100000, 0xb3300000)
  eden space 15616K, 100% used [0x9dd80000,0x9ecc0000,0x9ecc0000)
  from space 2560K, 99% used [0x9ecc0000,0x9ef3ebc8,0x9ef40000)
  to   space 2560K, 0% used [0x9fe80000,0x9fe80000,0xa0100000)
 ParOldGen       total 41216K, used 7572K [0x73300000, 0x75b40000, 0x9dd80000)
  object space 41216K, 18% used [0x73300000,0x73a65188,0x75b40000)
 PSPermGen       total 16384K, used 4720K [0x6b300000, 0x6c300000, 0x73300000)
  object space 16384K, 28% used [0x6b300000,0x6b79c0f0,0x6c300000)
Event: 2.116 GC heap after
Heap after GC invocations=4 (full 0):
 PSYoungGen      total 33792K, used 2546K [0x9dd80000, 0xa0100000, 0xb3300000)
  eden space 31232K, 0% used [0x9dd80000,0x9dd80000,0x9fc00000)
  from space 2560K, 99% used [0x9fe80000,0xa00fcbd8,0xa0100000)
  to   space 2560K, 0% used [0x9fc00000,0x9fc00000,0x9fe80000)
 ParOldGen       total 41216K, used 13109K [0x73300000, 0x75b40000, 0x9dd80000)
  object space 41216K, 31% used [0x73300000,0x73fcd518,0x75b40000)
 PSPermGen       total 16384K, used 4720K [0x6b300000, 0x6c300000, 0x73300000)
  object space 16384K, 28% used [0x6b300000,0x6b79c0f0,0x6c300000)
}
Event: 2.285 GC heap before
{Heap before GC invocations=5 (full 0):
 PSYoungGen      total 33792K, used 33778K [0x9dd80000, 0xa0100000, 0xb3300000)
  eden space 31232K, 100% used [0x9dd80000,0x9fc00000,0x9fc00000)
  from space 2560K, 99% used [0x9fe80000,0xa00fcbd8,0xa0100000)
  to   space 2560K, 0% used [0x9fc00000,0x9fc00000,0x9fe80000)
 ParOldGen       total 41216K, used 13109K [0x73300000, 0x75b40000, 0x9dd80000)
  object space 41216K, 31% used [0x73300000,0x73fcd518,0x75b40000)
 PSPermGen       total 16384K, used 4732K [0x6b300000, 0x6c300000, 0x73300000)
  object space 16384K, 28% used [0x6b300000,0x6b79f1d0,0x6c300000)

Deoptimization events (4 events):
Event: 0.793 Thread 0xb6408000 Uncommon trap: reason=null_check action=make_not_entrant pc=0xb3449f80 method=com.android.dx.rop.code.LocalItem.equals(Ljava/lang/Object;)Z @ 1
Event: 1.841 Thread 0xb6408000 Uncommon trap: reason=predicate action=maybe_recompile pc=0xb346a180 method=com.android.dex.Leb128.readUnsignedLeb128(Lcom/android/dex/util/ByteInput;)I @ 41
Event: 2.058 Thread 0xb6408000 Uncommon trap: reason=unloaded action=reinterpret pc=0xb34a48c8 method=com.android.dx.merge.IndexMap$EncodedValueTransformer.transform(Lcom/android/dex/EncodedValueReader;)V @ 263
Event: 2.271 Thread 0xb6408000 Uncommon trap: reason=predicate action=maybe_recompile pc=0xb34a9c94 method=java.util.ComparableTimSort.binarySort([Ljava/lang/Object;III)V @ 37

Internal exceptions (10 events):
Event: 1.736 Thread 0xb6408000 Threw 0x9e8e1e08 at /build/buildd/openjdk-7-7u75-2.5.4/build/openjdk/hotspot/src/share/vm/prims/jvm.cpp:1284
Event: 1.736 Thread 0xb6408000 Threw 0x9e8e5950 at /build/buildd/openjdk-7-7u75-2.5.4/build/openjdk/hotspot/src/share/vm/prims/jvm.cpp:1284
Event: 1.736 Thread 0xb6408000 Threw 0x9e8e95e8 at /build/buildd/openjdk-7-7u75-2.5.4/build/openjdk/hotspot/src/share/vm/prims/jvm.cpp:1284
Event: 1.737 Thread 0xb6408000 Threw 0x9e8ef268 at /build/buildd/openjdk-7-7u75-2.5.4/build/openjdk/hotspot/src/share/vm/prims/jvm.cpp:1284
Event: 1.737 Thread 0xb6408000 Threw 0x9e8f2bb8 at /build/buildd/openjdk-7-7u75-2.5.4/build/openjdk/hotspot/src/share/vm/prims/jvm.cpp:1284
Event: 1.737 Thread 0xb6408000 Threw 0x9e8f66d8 at /build/buildd/openjdk-7-7u75-2.5.4/build/openjdk/hotspot/src/share/vm/prims/jvm.cpp:1284
Event: 1.738 Thread 0xb6408000 Threw 0x9e8f9f50 at /build/buildd/openjdk-7-7u75-2.5.4/build/openjdk/hotspot/src/share/vm/prims/jvm.cpp:1284
Event: 1.739 Thread 0xb6408000 Threw 0x9e940b00 at /build/buildd/openjdk-7-7u75-2.5.4/build/openjdk/hotspot/src/share/vm/prims/jvm.cpp:1284
Event: 1.739 Thread 0xb6408000 Threw 0x9e9434b0 at /build/buildd/openjdk-7-7u75-2.5.4/build/openjdk/hotspot/src/share/vm/prims/jvm.cpp:1284
Event: 1.978 Thread 0xb6408000 Threw 0x9e768d88 at /build/buildd/openjdk-7-7u75-2.5.4/build/openjdk/hotspot/src/share/vm/prims/jvm.cpp:1284

Events (10 events):
Event: 2.058 Thread 0xb6408000 DEOPT PACKING pc=0xb34a48c8 sp=0xb65bcd40
Event: 2.058 Thread 0xb6408000 DEOPT UNPACKING pc=0xb3413bc8 sp=0xb65bcd44 mode 2
Event: 2.108 Executing VM operation: ParallelGCFailedAllocation
Event: 2.116 Executing VM operation: ParallelGCFailedAllocation done
Event: 2.194 loading class 0x6ac57b68
Event: 2.195 loading class 0x6ac57b68 done
Event: 2.271 Thread 0xb6408000 Uncommon trap: trap_request=0xffffff86 fr.pc=0xb34a9c94
Event: 2.271 Thread 0xb6408000 DEOPT PACKING pc=0xb34a9c94 sp=0xb65bcd50
Event: 2.271 Thread 0xb6408000 DEOPT UNPACKING pc=0xb3413bc8 sp=0xb65bcd58 mode 2
Event: 2.285 Executing VM operation: ParallelGCFailedAllocation


Dynamic libraries:
08048000-08049000 r-xp 00000000 08:07 3285217    /usr/lib/jvm/java-7-openjdk-i386/jre/bin/java
08049000-0804a000 r--p 00000000 08:07 3285217    /usr/lib/jvm/java-7-openjdk-i386/jre/bin/java
0804a000-0804b000 rw-p 00001000 08:07 3285217    /usr/lib/jvm/java-7-openjdk-i386/jre/bin/java
08d9c000-08dbd000 rw-p 00000000 00:00 0          [heap]
66800000-668a6000 rw-p 00000000 00:00 0 
668a6000-66900000 ---p 00000000 00:00 0 
66a00000-66afa000 rw-p 00000000 00:00 0 
66afa000-66b00000 ---p 00000000 00:00 0 
66b00000-66bfd000 rw-p 00000000 00:00 0 
66bfd000-66c00000 ---p 00000000 00:00 0 
66c00000-66cfd000 rw-p 00000000 00:00 0 
66cfd000-66d00000 ---p 00000000 00:00 0 
66d00000-66df8000 rw-p 00000000 00:00 0 
66df8000-66e00000 ---p 00000000 00:00 0 
66e00000-66efe000 rw-p 00000000 00:00 0 
66efe000-66f00000 ---p 00000000 00:00 0 
66f73000-6707d000 r-xp 00000000 08:07 3146803    /lib/i386-linux-gnu/libglib-2.0.so.0.4002.0
6707d000-6707e000 r--p 00109000 08:07 3146803    /lib/i386-linux-gnu/libglib-2.0.so.0.4002.0
6707e000-6707f000 rw-p 0010a000 08:07 3146803    /lib/i386-linux-gnu/libglib-2.0.so.0.4002.0
6707f000-671fc000 r-xp 00000000 08:07 3413824    /usr/lib/i386-linux-gnu/libgio-2.0.so.0.4002.0
671fc000-671fe000 r--p 0017d000 08:07 3413824    /usr/lib/i386-linux-gnu/libgio-2.0.so.0.4002.0
671fe000-671ff000 rw-p 0017f000 08:07 3413824    /usr/lib/i386-linux-gnu/libgio-2.0.so.0.4002.0
671ff000-67200000 rw-p 00000000 00:00 0 
67200000-672e1000 rw-p 00000000 00:00 0 
672e1000-67300000 ---p 00000000 00:00 0 
67370000-673ac000 r-xp 00000000 08:07 3146819    /lib/i386-linux-gnu/libpcre.so.3.13.1
673ac000-673ad000 r--p 0003b000 08:07 3146819    /lib/i386-linux-gnu/libpcre.so.3.13.1
673ad000-673ae000 rw-p 0003c000 08:07 3146819    /lib/i386-linux-gnu/libpcre.so.3.13.1
673ae000-673fe000 r-xp 00000000 08:07 3413822    /usr/lib/i386-linux-gnu/libgobject-2.0.so.0.4002.0
673fe000-673ff000 r--p 0004f000 08:07 3413822    /usr/lib/i386-linux-gnu/libgobject-2.0.so.0.4002.0
673ff000-67400000 rw-p 00050000 08:07 3413822    /usr/lib/i386-linux-gnu/libgobject-2.0.so.0.4002.0
67400000-674e7000 rw-p 00000000 00:00 0 
674e7000-67500000 ---p 00000000 00:00 0 
67509000-67529000 r-xp 00000000 08:07 3145758    /lib/i386-linux-gnu/libselinux.so.1
67529000-6752a000 r--p 0001f000 08:07 3145758    /lib/i386-linux-gnu/libselinux.so.1
6752a000-6752b000 rw-p 00020000 08:07 3145758    /lib/i386-linux-gnu/libselinux.so.1
6752b000-6752c000 rw-p 00000000 00:00 0 
6752c000-6752d000 ---p 00000000 00:00 0 
6752d000-675ad000 rw-p 00000000 00:00 0          [stack:7959]
675ad000-675b0000 ---p 00000000 00:00 0 
675b0000-675fe000 rw-p 00000000 00:00 0          [stack:7958]
675fe000-67601000 ---p 00000000 00:00 0 
67601000-6767f000 rw-p 00000000 00:00 0          [stack:7957]
6767f000-67682000 ---p 00000000 00:00 0 
67682000-67700000 rw-p 00000000 00:00 0          [stack:7956]
67700000-67900000 r--p 00000000 08:07 3414116    /usr/lib/locale/locale-archive
67900000-67921000 rw-p 00000000 00:00 0 
67921000-67a00000 ---p 00000000 00:00 0 
67a00000-67afc000 rw-p 00000000 00:00 0 
67afc000-67b00000 ---p 00000000 00:00 0 
67b0d000-67b10000 ---p 00000000 00:00 0 
67b10000-67b5e000 rw-p 00000000 00:00 0          [stack:7955]
67b5e000-67b61000 ---p 00000000 00:00 0 
67b61000-67baf000 rw-p 00000000 00:00 0          [stack:7954]
67baf000-67bb2000 ---p 00000000 00:00 0 
67bb2000-67c00000 rw-p 00000000 00:00 0          [stack:7953]
67c00000-67d00000 rw-p 00000000 00:00 0 
67d0c000-67d4e000 r--p 00858000 08:07 3414116    /usr/lib/locale/locale-archive
67d4e000-67d4f000 ---p 00000000 00:00 0 
67d4f000-67dcf000 rw-p 00000000 00:00 0          [stack:7952]
67dcf000-67f80000 r--s 01d23000 08:07 3285299    /usr/lib/jvm/java-7-openjdk-i386/jre/lib/rt.jar
67f80000-6a800000 rw-p 00000000 00:00 0 
6a800000-6a8f9000 rw-p 00000000 00:00 0 
6a8f9000-6a900000 ---p 00000000 00:00 0 
6a907000-6a91a000 r-xp 00000000 08:07 3145833    /lib/i386-linux-gnu/libresolv-2.19.so
6a91a000-6a91b000 ---p 00013000 08:07 3145833    /lib/i386-linux-gnu/libresolv-2.19.so
6a91b000-6a91c000 r--p 00013000 08:07 3145833    /lib/i386-linux-gnu/libresolv-2.19.so
6a91c000-6a91d000 rw-p 00014000 08:07 3145833    /lib/i386-linux-gnu/libresolv-2.19.so
6a91d000-6a91f000 rw-p 00000000 00:00 0 
6a936000-6a97f000 rw-p 00000000 00:00 0 
6a97f000-6a980000 ---p 00000000 00:00 0 
6a980000-6aa00000 rw-p 00000000 00:00 0          [stack:7951]
6aa00000-6aa21000 rw-p 00000000 00:00 0 
6aa21000-6ab00000 ---p 00000000 00:00 0 
6ab00000-6ab21000 rw-p 00000000 00:00 0 
6ab21000-6ac00000 ---p 00000000 00:00 0 
6ac00000-6ac04000 r--s 0004d000 08:07 3285226    /usr/lib/jvm/java-7-openjdk-i386/jre/lib/jsse.jar
6ac04000-6ac09000 r-xp 00000000 08:07 3410976    /usr/lib/i386-linux-gnu/libffi.so.6.0.1
6ac09000-6ac0a000 r--p 00005000 08:07 3410976    /usr/lib/i386-linux-gnu/libffi.so.6.0.1
6ac0a000-6ac0b000 rw-p 00006000 08:07 3410976    /usr/lib/i386-linux-gnu/libffi.so.6.0.1
6ac0b000-6ac22000 r-xp 00000000 08:07 3285251    /usr/lib/jvm/java-7-openjdk-i386/jre/lib/i386/libnet.so
6ac22000-6ac23000 r--p 00017000 08:07 3285251    /usr/lib/jvm/java-7-openjdk-i386/jre/lib/i386/libnet.so
6ac23000-6ac24000 rw-p 00018000 08:07 3285251    /usr/lib/jvm/java-7-openjdk-i386/jre/lib/i386/libnet.so
6ac24000-6ac7f000 rw-p 00000000 00:00 0 
6ac7f000-6ac80000 ---p 00000000 00:00 0 
6ac80000-6ad00000 rw-p 00000000 00:00 0          [stack:7950]
6ad00000-6ad21000 rw-p 00000000 00:00 0 
6ad21000-6ae00000 ---p 00000000 00:00 0 
6ae00000-6ae03000 r-xp 00000000 08:07 3413825    /usr/lib/i386-linux-gnu/libgmodule-2.0.so.0.4002.0
6ae03000-6ae04000 r--p 00002000 08:07 3413825    /usr/lib/i386-linux-gnu/libgmodule-2.0.so.0.4002.0
6ae04000-6ae05000 rw-p 00003000 08:07 3413825    /usr/lib/i386-linux-gnu/libgmodule-2.0.so.0.4002.0
6ae05000-6ae16000 r-xp 00000000 08:07 3285243    /usr/lib/jvm/java-7-openjdk-i386/jre/lib/i386/libnio.so
6ae16000-6ae17000 r--p 00010000 08:07 3285243    /usr/lib/jvm/java-7-openjdk-i386/jre/lib/i386/libnio.so
6ae17000-6ae18000 rw-p 00011000 08:07 3285243    /usr/lib/jvm/java-7-openjdk-i386/jre/lib/i386/libnio.so
6ae18000-6ae27000 r--s 000dd000 08:07 1182132    /home/imran/Android/Sdk/build-tools/21.1.2/lib/dx.jar
6ae27000-6ae28000 ---p 00000000 00:00 0 
6ae28000-6aea8000 rw-p 00000000 00:00 0          [stack:7949]
6aea8000-6aea9000 ---p 00000000 00:00 0 
6aea9000-6af31000 rw-p 00000000 00:00 0          [stack:7948]
6af31000-6af69000 rw-p 00000000 00:00 0 
6af69000-6af7e000 rw-p 00000000 00:00 0 
6af7e000-6b0bf000 rw-p 00000000 00:00 0 
6b0bf000-6b0c7000 rw-p 00000000 00:00 0 
6b0c7000-6b0ff000 rw-p 00000000 00:00 0 
6b0ff000-6b114000 rw-p 00000000 00:00 0 
6b114000-6b254000 rw-p 00000000 00:00 0 
6b254000-6b266000 rw-p 00000000 00:00 0 
6b266000-6b2ff000 rw-p 00000000 00:00 0 
6b2ff000-6c300000 rw-p 00000000 00:00 0 
6c300000-73300000 rw-p 00000000 00:00 0 
73300000-75b40000 rw-p 00000000 00:00 0 
75b40000-9dd80000 rw-p 00000000 00:00 0 
9dd80000-a0100000 rw-p 00000000 00:00 0 
a2e80000-b3300000 rw-p 00000000 00:00 0 
b3303000-b3305000 r--s 00012000 08:07 3285274    /usr/lib/jvm/java-7-openjdk-i386/jre/lib/ext/zipfs.jar
b3305000-b3308000 r--s 0000f000 08:07 3285273    /usr/lib/jvm/java-7-openjdk-i386/jre/lib/ext/icedtea-sound.jar
b3308000-b330c000 r--s 00034000 08:07 3285275    /usr/lib/jvm/java-7-openjdk-i386/jre/lib/ext/sunjce_provider.jar
b330c000-b3330000 rw-p 00000000 00:00 0 
b3330000-b33e7000 rw-p 00000000 00:00 0 
b33e7000-b3627000 rwxp 00000000 00:00 0 
b3627000-b63e7000 rw-p 00000000 00:00 0 
b63e7000-b63f2000 r-xp 00000000 08:07 3146755    /lib/i386-linux-gnu/libnss_files-2.19.so
b63f2000-b63f3000 r--p 0000a000 08:07 3146755    /lib/i386-linux-gnu/libnss_files-2.19.so
b63f3000-b63f4000 rw-p 0000b000 08:07 3146755    /lib/i386-linux-gnu/libnss_files-2.19.so
b63f4000-b63fe000 r-xp 00000000 08:07 3145821    /lib/i386-linux-gnu/libnss_nis-2.19.so
b63fe000-b63ff000 r--p 00009000 08:07 3145821    /lib/i386-linux-gnu/libnss_nis-2.19.so
b63ff000-b6400000 rw-p 0000a000 08:07 3145821    /lib/i386-linux-gnu/libnss_nis-2.19.so
b6400000-b6500000 rw-p 00000000 00:00 0 
b6500000-b6502000 r--s 00006000 08:07 3804587    /usr/share/java/java-atk-wrapper.jar
b6502000-b6517000 r-xp 00000000 08:07 3145822    /lib/i386-linux-gnu/libnsl-2.19.so
b6517000-b6518000 r--p 00015000 08:07 3145822    /lib/i386-linux-gnu/libnsl-2.19.so
b6518000-b6519000 rw-p 00016000 08:07 3145822    /lib/i386-linux-gnu/libnsl-2.19.so
b6519000-b651b000 rw-p 00000000 00:00 0 
b651b000-b6522000 r-xp 00000000 08:07 3145827    /lib/i386-linux-gnu/libnss_compat-2.19.so
b6522000-b6523000 r--p 00006000 08:07 3145827    /lib/i386-linux-gnu/libnss_compat-2.19.so
b6523000-b6524000 rw-p 00007000 08:07 3145827    /lib/i386-linux-gnu/libnss_compat-2.19.so
b6525000-b6529000 r--s 0003c000 08:07 3285276    /usr/lib/jvm/java-7-openjdk-i386/jre/lib/ext/sunpkcs11.jar
b6529000-b6531000 r-xp 00000000 08:07 3285246    /usr/lib/jvm/java-7-openjdk-i386/jre/lib/i386/libzip.so
b6531000-b6532000 r--p 00007000 08:07 3285246    /usr/lib/jvm/java-7-openjdk-i386/jre/lib/i386/libzip.so
b6532000-b6533000 rw-p 00008000 08:07 3285246    /usr/lib/jvm/java-7-openjdk-i386/jre/lib/i386/libzip.so
b6533000-b653b000 rw-s 00000000 08:07 3416269    /tmp/hsperfdata_imran/7943
b653b000-b6562000 r-xp 00000000 08:07 3285231    /usr/lib/jvm/java-7-openjdk-i386/jre/lib/i386/libjava.so
b6562000-b6563000 r--p 00026000 08:07 3285231    /usr/lib/jvm/java-7-openjdk-i386/jre/lib/i386/libjava.so
b6563000-b6564000 rw-p 00027000 08:07 3285231    /usr/lib/jvm/java-7-openjdk-i386/jre/lib/i386/libjava.so
b6564000-b656b000 r-xp 00000000 08:07 3149999    /lib/i386-linux-gnu/librt-2.19.so
b656b000-b656c000 r--p 00006000 08:07 3149999    /lib/i386-linux-gnu/librt-2.19.so
b656c000-b656d000 rw-p 00007000 08:07 3149999    /lib/i386-linux-gnu/librt-2.19.so
b656d000-b6570000 ---p 00000000 00:00 0 
b6570000-b65be000 rw-p 00000000 00:00 0          [stack:7947]
b65be000-b65da000 r-xp 00000000 08:07 3145757    /lib/i386-linux-gnu/libgcc_s.so.1
b65da000-b65db000 rw-p 0001b000 08:07 3145757    /lib/i386-linux-gnu/libgcc_s.so.1
b65db000-b661f000 r-xp 00000000 08:07 3145826    /lib/i386-linux-gnu/libm-2.19.so
b661f000-b6620000 r--p 00043000 08:07 3145826    /lib/i386-linux-gnu/libm-2.19.so
b6620000-b6621000 rw-p 00044000 08:07 3145826    /lib/i386-linux-gnu/libm-2.19.so
b6621000-b66fd000 r-xp 00000000 08:07 3411602    /usr/lib/i386-linux-gnu/libstdc++.so.6.0.19
b66fd000-b66fe000 ---p 000dc000 08:07 3411602    /usr/lib/i386-linux-gnu/libstdc++.so.6.0.19
b66fe000-b6702000 r--p 000dc000 08:07 3411602    /usr/lib/i386-linux-gnu/libstdc++.so.6.0.19
b6702000-b6703000 rw-p 000e0000 08:07 3411602    /usr/lib/i386-linux-gnu/libstdc++.so.6.0.19
b6703000-b670a000 rw-p 00000000 00:00 0 
b670a000-b70f8000 r-xp 00000000 08:07 3285255    /usr/lib/jvm/java-7-openjdk-i386/jre/lib/i386/server/libjvm.so
b70f8000-b714a000 r--p 009ed000 08:07 3285255    /usr/lib/jvm/java-7-openjdk-i386/jre/lib/i386/server/libjvm.so
b714a000-b715e000 rw-p 00a3f000 08:07 3285255    /usr/lib/jvm/java-7-openjdk-i386/jre/lib/i386/server/libjvm.so
b715e000-b757c000 rw-p 00000000 00:00 0 
b757c000-b7594000 r-xp 00000000 08:07 3146879    /lib/i386-linux-gnu/libz.so.1.2.8
b7594000-b7595000 r--p 00017000 08:07 3146879    /lib/i386-linux-gnu/libz.so.1.2.8
b7595000-b7596000 rw-p 00018000 08:07 3146879    /lib/i386-linux-gnu/libz.so.1.2.8
b7596000-b75ae000 r-xp 00000000 08:07 3145831    /lib/i386-linux-gnu/libpthread-2.19.so
b75ae000-b75af000 r--p 00018000 08:07 3145831    /lib/i386-linux-gnu/libpthread-2.19.so
b75af000-b75b0000 rw-p 00019000 08:07 3145831    /lib/i386-linux-gnu/libpthread-2.19.so
b75b0000-b75b2000 rw-p 00000000 00:00 0 
b75b2000-b75b5000 r-xp 00000000 08:07 3145819    /lib/i386-linux-gnu/libdl-2.19.so
b75b5000-b75b6000 r--p 00002000 08:07 3145819    /lib/i386-linux-gnu/libdl-2.19.so
b75b6000-b75b7000 rw-p 00003000 08:07 3145819    /lib/i386-linux-gnu/libdl-2.19.so
b75b7000-b775f000 r-xp 00000000 08:07 3145818    /lib/i386-linux-gnu/libc-2.19.so
b775f000-b7761000 r--p 001a8000 08:07 3145818    /lib/i386-linux-gnu/libc-2.19.so
b7761000-b7762000 rw-p 001aa000 08:07 3145818    /lib/i386-linux-gnu/libc-2.19.so
b7762000-b7765000 rw-p 00000000 00:00 0 
b7765000-b7768000 r--s 00086000 08:07 3285272    /usr/lib/jvm/java-7-openjdk-i386/jre/lib/ext/localedata.jar
b7768000-b7769000 r--s 00002000 08:07 3285271    /usr/lib/jvm/java-7-openjdk-i386/jre/lib/ext/dnsns.jar
b7769000-b776a000 r--p 00855000 08:07 3414116    /usr/lib/locale/locale-archive
b776a000-b776b000 rw-p 00000000 00:00 0 
b776b000-b776c000 ---p 00000000 00:00 0 
b776c000-b777a000 r-xp 00000000 08:07 3285245    /usr/lib/jvm/java-7-openjdk-i386/jre/lib/i386/libverify.so
b777a000-b777b000 r--p 0000d000 08:07 3285245    /usr/lib/jvm/java-7-openjdk-i386/jre/lib/i386/libverify.so
b777b000-b777c000 rw-p 0000e000 08:07 3285245    /usr/lib/jvm/java-7-openjdk-i386/jre/lib/i386/libverify.so
b777c000-b7788000 r-xp 00000000 08:07 3285234    /usr/lib/jvm/java-7-openjdk-i386/jre/lib/i386/jli/libjli.so
b7788000-b7789000 r--p 0000c000 08:07 3285234    /usr/lib/jvm/java-7-openjdk-i386/jre/lib/i386/jli/libjli.so
b7789000-b778a000 rw-p 0000d000 08:07 3285234    /usr/lib/jvm/java-7-openjdk-i386/jre/lib/i386/jli/libjli.so
b778a000-b778d000 rw-p 00000000 00:00 0 
b778d000-b778e000 r-xp 00000000 00:00 0          [vdso]
b778e000-b77ae000 r-xp 00000000 08:07 3145820    /lib/i386-linux-gnu/ld-2.19.so
b77ae000-b77af000 r--p 0001f000 08:07 3145820    /lib/i386-linux-gnu/ld-2.19.so
b77af000-b77b0000 rw-p 00020000 08:07 3145820    /lib/i386-linux-gnu/ld-2.19.so
bf87d000-bf87e000 rwxp 00000000 00:00 0 
bf8af000-bf8d1000 rw-p 00000000 00:00 0          [stack]

VM Arguments:
jvm_args: -Xmx1024M -Dfile.encoding=UTF-8 -Duser.country=US -Duser.language=en -Duser.variant 
java_command: com.android.dx.command.Main --dex --output /home/imran/AndroidStudioProjects/Message/app/build/intermediates/dex/debug /home/imran/AndroidStudioProjects/Message/app/build/intermediates/classes/debug /home/imran/AndroidStudioProjects/Message/app/build/intermediates/pre-dexed/debug/support-annotations-22.0.0-a2d8f181252e68bb33b2a7c9363e0b69aea3fad2.jar /home/imran/AndroidStudioProjects/Message/app/build/intermediates/pre-dexed/debug/bolts-android-1.2.0-d2f56abc7b228133450afb9813a74e0fc81cd439.jar /home/imran/AndroidStudioProjects/Message/app/build/intermediates/pre-dexed/debug/internal_impl-22.0.0-68d6f527a327440a15802beb3c854c567837de4d.jar /home/imran/AndroidStudioProjects/Message/app/build/intermediates/pre-dexed/debug/classes-3509ac79ebee6bb8f28ca1512e90065cdd6c246d.jar /home/imran/AndroidStudioProjects/Message/app/build/intermediates/pre-dexed/debug/Parse-1.8.4-9d29252542c2f9ad03f10bcab2bcbbebcc195291.jar /home/imran/AndroidStudioProjects/Message/app/build/intermediates/pre-dexed/debug/classes-7bb83c85ffb4c213745dc510cf48c2e8c4ba1b26.jar
Launcher Type: SUN_STANDARD

Environment Variables:
JAVA_HOME=/usr/lib/jvm/java-7-oracle
CLASSPATH=./../lib/bootstrap.jar:./../lib/extensions.jar:./../lib/util.jar:./../lib/jdom.jar:./../lib/log4j.jar:./../lib/trove4j.jar:./../lib/jna.jar:/usr/lib/jvm/java-7-oracle/lib/tools.jar
PATH=/home//.genymotion:/home//.genymotion:/usr/local/sbin:/usr/local/bin:/usr/sbin:/usr/bin:/sbin:/bin:/usr/games:/usr/local/games:/usr/lib/jvm/java-7-oracle/bin:/usr/lib/jvm/java-7-oracle/db/bin:/usr/lib/jvm/java-7-oracle/jre/bin
LD_LIBRARY_PATH=.:
SHELL=/bin/bash
DISPLAY=:0

Signal Handlers:
SIGSEGV: [libjvm.so+0x80c740], sa_mask[0]=0x7ffbfeff, sa_flags=0x10000004
SIGBUS: [libjvm.so+0x80c740], sa_mask[0]=0x7ffbfeff, sa_flags=0x10000004
SIGFPE: [libjvm.so+0x6847c0], sa_mask[0]=0x7ffbfeff, sa_flags=0x10000004
SIGPIPE: [libjvm.so+0x6847c0], sa_mask[0]=0x7ffbfeff, sa_flags=0x10000004
SIGXFSZ: [libjvm.so+0x6847c0], sa_mask[0]=0x7ffbfeff, sa_flags=0x10000004
SIGILL: [libjvm.so+0x6847c0], sa_mask[0]=0x7ffbfeff, sa_flags=0x10000004
SIGUSR1: SIG_DFL, sa_mask[0]=0x00000000, sa_flags=0x00000000
SIGUSR2: [libjvm.so+0x684650], sa_mask[0]=0x00000004, sa_flags=0x10000004
SIGHUP: [libjvm.so+0x684880], sa_mask[0]=0x7ffbfeff, sa_flags=0x10000004
SIGINT: [libjvm.so+0x684880], sa_mask[0]=0x7ffbfeff, sa_flags=0x10000004
SIGTERM: [libjvm.so+0x684880], sa_mask[0]=0x7ffbfeff, sa_flags=0x10000004
SIGQUIT: [libjvm.so+0x684880], sa_mask[0]=0x7ffbfeff, sa_flags=0x10000004
SIGTRAP: SIG_DFL, sa_mask[0]=0x00000000, sa_flags=0x00000000


---------------  S Y S T E M  ---------------

OS:Ubuntu 14.04 (trusty)
uname:Linux 3.13.0-48-generic #80-Ubuntu SMP Thu Mar 12 11:16:18 UTC 2015 i686
libc:glibc 2.19 NPTL 2.19 
rlimit: STACK 8192k, CORE 0k, NPROC 30800, NOFILE 4096, AS infinity
load average:3.46 1.49 1.17

/proc/meminfo:
MemTotal:        3961728 kB
MemFree:          225496 kB
Buffers:             124 kB
Cached:           574852 kB
SwapCached:            0 kB
Active:          2466892 kB
Inactive:         569040 kB
Active(anon):    2465216 kB
Inactive(anon):   566856 kB
Active(file):       1676 kB
Inactive(file):     2184 kB
Unevictable:          32 kB
Mlocked:              32 kB
HighTotal:       3106860 kB
HighFree:          68904 kB
LowTotal:         854868 kB
LowFree:          156592 kB
SwapTotal:             0 kB
SwapFree:              0 kB
Dirty:                28 kB
Writeback:             0 kB
AnonPages:       2461660 kB
Mapped:           711108 kB
Shmem:            570444 kB
Slab:              48092 kB
SReclaimable:      21172 kB
SUnreclaim:        26920 kB
KernelStack:        4944 kB
PageTables:        16072 kB
NFS_Unstable:          0 kB
Bounce:              604 kB
WritebackTmp:          0 kB
CommitLimit:     1980864 kB
Committed_AS:    7494060 kB
VmallocTotal:     122880 kB
VmallocUsed:       19008 kB
VmallocChunk:      97396 kB
HardwareCorrupted:     0 kB
AnonHugePages:   1273856 kB
HugePages_Total:       0
HugePages_Free:        0
HugePages_Rsvd:        0
HugePages_Surp:        0
Hugepagesize:       2048 kB
DirectMap4k:       43000 kB
DirectMap2M:      870400 kB


CPU:total 4 (2 cores per cpu, 2 threads per core) family 6 model 60 stepping 3, cmov, cx8, fxsr, mmx, sse, sse2, sse3, ssse3, sse4.1, sse4.2, popcnt, avx, avx2, aes, erms, ht, tsc, tscinvbit

/proc/cpuinfo:
processor	: 0
vendor_id	: GenuineIntel
cpu family	: 6
model		: 60
model name	: Intel(R) Core(TM) i3-4150 CPU @ 3.50GHz
stepping	: 3
microcode	: 0x12
cpu MHz		: 3500.000
cache size	: 3072 KB
physical id	: 0
siblings	: 4
core id		: 0
cpu cores	: 2
apicid		: 0
initial apicid	: 0
fdiv_bug	: no
f00f_bug	: no
coma_bug	: no
fpu		: yes
fpu_exception	: yes
cpuid level	: 13
wp		: yes
flags		: fpu vme de pse tsc msr pae mce cx8 apic sep mtrr pge mca cmov pat pse36 clflush dts acpi mmx fxsr sse sse2 ss ht tm pbe nx pdpe1gb rdtscp lm constant_tsc arch_perfmon pebs bts xtopology nonstop_tsc aperfmperf eagerfpu pni pclmulqdq dtes64 monitor ds_cpl vmx est tm2 ssse3 fma cx16 xtpr pdcm pcid sse4_1 sse4_2 movbe popcnt tsc_deadline_timer aes xsave avx f16c rdrand lahf_lm abm arat xsaveopt pln pts dtherm tpr_shadow vnmi flexpriority ept vpid fsgsbase tsc_adjust bmi1 avx2 smep bmi2 erms invpcid
bogomips	: 6983.74
clflush size	: 64
cache_alignment	: 64
address sizes	: 39 bits physical, 48 bits virtual
power management:

processor	: 1
vendor_id	: GenuineIntel
cpu family	: 6
model		: 60
model name	: Intel(R) Core(TM) i3-4150 CPU @ 3.50GHz
stepping	: 3
microcode	: 0x12
cpu MHz		: 3500.000
cache size	: 3072 KB
physical id	: 0
siblings	: 4
core id		: 1
cpu cores	: 2
apicid		: 2
initial apicid	: 2
fdiv_bug	: no
f00f_bug	: no
coma_bug	: no
fpu		: yes
fpu_exception	: yes
cpuid level	: 13
wp		: yes
flags		: fpu vme de pse tsc msr pae mce cx8 apic sep mtrr pge mca cmov pat pse36 clflush dts acpi mmx fxsr sse sse2 ss ht tm pbe nx pdpe1gb rdtscp lm constant_tsc arch_perfmon pebs bts xtopology nonstop_tsc aperfmperf eagerfpu pni pclmulqdq dtes64 monitor ds_cpl vmx est tm2 ssse3 fma cx16 xtpr pdcm pcid sse4_1 sse4_2 movbe popcnt tsc_deadline_timer aes xsave avx f16c rdrand lahf_lm abm arat xsaveopt pln pts dtherm tpr_shadow vnmi flexpriority ept vpid fsgsbase tsc_adjust bmi1 avx2 smep bmi2 erms invpcid
bogomips	: 6983.74
clflush size	: 64
cache_alignment	: 64
address sizes	: 39 bits physical, 48 bits virtual
power management:

processor	: 2
vendor_id	: GenuineIntel
cpu family	: 6
model		: 60
model name	: Intel(R) Core(TM) i3-4150 CPU @ 3.50GHz
stepping	: 3
microcode	: 0x12
cpu MHz		: 3500.000
cache size	: 3072 KB
physical id	: 0
siblings	: 4
core id		: 0
cpu cores	: 2
apicid		: 1
initial apicid	: 1
fdiv_bug	: no
f00f_bug	: no
coma_bug	: no
fpu		: yes
fpu_exception	: yes
cpuid level	: 13
wp		: yes
flags		: fpu vme de pse tsc msr pae mce cx8 apic sep mtrr pge mca cmov pat pse36 clflush dts acpi mmx fxsr sse sse2 ss ht tm pbe nx pdpe1gb rdtscp lm constant_tsc arch_perfmon pebs bts xtopology nonstop_tsc aperfmperf eagerfpu pni pclmulqdq dtes64 monitor ds_cpl vmx est tm2 ssse3 fma cx16 xtpr pdcm pcid sse4_1 sse4_2 movbe popcnt tsc_deadline_timer aes xsave avx f16c rdrand lahf_lm abm arat xsaveopt pln pts dtherm tpr_shadow vnmi flexpriority ept vpid fsgsbase tsc_adjust bmi1 avx2 smep bmi2 erms invpcid
bogomips	: 6983.74
clflush size	: 64
cache_alignment	: 64
address sizes	: 39 bits physical, 48 bits virtual
power management:

processor	: 3
vendor_id	: GenuineIntel
cpu family	: 6
model		: 60
model name	: Intel(R) Core(TM) i3-4150 CPU @ 3.50GHz
stepping	: 3
microcode	: 0x12
cpu MHz		: 3500.000
cache size	: 3072 KB
physical id	: 0
siblings	: 4
core id		: 1
cpu cores	: 2
apicid		: 3
initial apicid	: 3
fdiv_bug	: no
f00f_bug	: no
coma_bug	: no
fpu		: yes
fpu_exception	: yes
cpuid level	: 13
wp		: yes
flags		: fpu vme de pse tsc msr pae mce cx8 apic sep mtrr pge mca cmov pat pse36 clflush dts acpi mmx fxsr sse sse2 ss ht tm pbe nx pdpe1gb rdtscp lm constant_tsc arch_perfmon pebs bts xtopology nonstop_tsc aperfmperf eagerfpu pni pclmulqdq dtes64 monitor ds_cpl vmx est tm2 ssse3 fma cx16 xtpr pdcm pcid sse4_1 sse4_2 movbe popcnt tsc_deadline_timer aes xsave avx f16c rdrand lahf_lm abm arat xsaveopt pln pts dtherm tpr_shadow vnmi flexpriority ept vpid fsgsbase tsc_adjust bmi1 avx2 smep bmi2 erms invpcid
bogomips	: 6983.74
clflush size	: 64
cache_alignment	: 64
address sizes	: 39 bits physical, 48 bits virtual
power management:



Memory: 4k page, physical 3961728k(226024k free), swap 0k(0k free)

vm_info: OpenJDK Server VM (24.75-b04) for linux-x86 JRE (1.7.0_75-b13), built on Jan 27 2015 00:41:34 by "buildd" with gcc 4.8.2

time: Sat Mar 28 02:50:38 2015
elapsed time: 9 seconds

