#
# There is insufficient memory for the Java Runtime Environment to continue.
# Native memory allocation (malloc) failed to allocate 73400320 bytes for committing reserved memory.
# Possible reasons:
#   The system is out of physical RAM or swap space
#   In 32 bit mode, the process size limit was hit
# Possible solutions:
#   Reduce memory load on the system
#   Increase physical memory or swap space
#   Check if swap backing store is full
#   Use 64 bit Java on a 64 bit OS
#   Decrease Java heap size (-Xmx/-Xms)
#   Decrease number of Java threads
#   Decrease Java thread stack sizes (-Xss)
#   Set larger code cache with -XX:ReservedCodeCacheSize=
# This output file may be truncated or incomplete.
#
#  Out of Memory Error (os_linux.cpp:2798), pid=7054, tid=1741482816
#
# JRE version: OpenJDK Runtime Environment (7.0_75-b13) (build 1.7.0_75-b13)
# Java VM: OpenJDK Server VM (24.75-b04 mixed mode linux-x86 )
# Derivative: IcedTea 2.5.4
# Distribution: Ubuntu 14.04 LTS, package 7u75-2.5.4-1~trusty1
# Failed to write core dump. Core dumps have been disabled. To enable core dumping, try "ulimit -c unlimited" before starting Java again
#

---------------  T H R E A D  ---------------

Current thread (0x67b81400):  VMThread [stack: 0x67c4e000,0x67ccf000] [id=7064]

Stack: [0x67c4e000,0x67ccf000]
VM_Operation (0xb653b938): ParallelGCFailedAllocation, mode: safepoint, requested by thread 0xb6307c00


---------------  P R O C E S S  ---------------

Java Threads: ( => current thread )
  0x67b9d000 JavaThread "Service Thread" daemon [_thread_blocked, id=7070, stack(0x6750b000,0x6755c000)]
  0x67b9b400 JavaThread "C2 CompilerThread1" daemon [_thread_blocked, id=7069, stack(0x6755c000,0x675dd000)]
  0x67b99400 JavaThread "C2 CompilerThread0" daemon [_thread_blocked, id=7068, stack(0x675dd000,0x6765e000)]
  0x67b97c00 JavaThread "Signal Dispatcher" daemon [_thread_blocked, id=7067, stack(0x6765e000,0x676af000)]
  0x67b85800 JavaThread "Finalizer" daemon [_thread_blocked, id=7066, stack(0x678af000,0x67900000)]
  0x67b83c00 JavaThread "Reference Handler" daemon [_thread_blocked, id=7065, stack(0x6a82e000,0x6a87f000)]
  0xb6307c00 JavaThread "main" [_thread_blocked, id=7059, stack(0xb64ec000,0xb653d000)]

Other Threads:
=>0x67b81400 VMThread [stack: 0x67c4e000,0x67ccf000] [id=7064]
  0x67b9f000 WatcherThread [stack: 0x6748a000,0x6750b000] [id=7071]

VM state:at safepoint (normal execution)

VM Mutex/Monitor currently owned by a thread:  ([mutex/lock_event])
[0xb6305238] Threads_lock - owner thread: 0x67b81400
[0xb6305648] Heap_lock - owner thread: 0xb6307c00

Heap
 PSYoungGen      total 70400K, used 8692K [0x9dcc0000, 0xa2ac0000, 0xb3240000)
  eden space 61696K, 0% used [0x9dcc0000,0x9dcc0000,0xa1900000)
  from space 8704K, 99% used [0xa1900000,0xa217d180,0xa2180000)
  to   space 7936K, 0% used [0xa2180000,0xa2180000,0xa2940000)
 ParOldGen       total 41216K, used 22155K [0x73240000, 0x75a80000, 0x9dcc0000)
  object space 41216K, 53% used [0x73240000,0x747e2c28,0x75a80000)
 PSPermGen       total 16384K, used 3993K [0x6b240000, 0x6c240000, 0x73240000)
  object space 16384K, 24% used [0x6b240000,0x6b626680,0x6c240000)

Card table byte_map: [0x6afff000,0x6b240000] byte_map_base: 0x6aca5e00

Polling page: 0xb76ea000

Code Cache  [0xb3300000, 0xb3548000, 0xb6300000)
 total_blobs=751 nmethods=631 adapters=73 free_code_cache=46873Kb largest_free_block=47966720

Compilation events (10 events):
Event: 3.055 Thread 0x67b99400 nmethod 634 0xb351b348 code [0xb351b4c0, 0xb351ba5c]
Event: 3.055 Thread 0x67b99400  635             java.util.TreeMap$ValueIterator::next (8 bytes)
Event: 3.056 Thread 0x67b99400 nmethod 635 0xb351afc8 code [0xb351b0c0, 0xb351b1b0]
Event: 3.057 Thread 0x67b99400  636             com.android.dx.rop.type.Prototype::<init> (67 bytes)
Event: 3.057 Thread 0x67b99400 nmethod 636 0xb351ad48 code [0xb351ae40, 0xb351af10]
Event: 3.057 Thread 0x67b99400  637   !         com.android.dx.rop.type.Prototype::putIntern (50 bytes)
Event: 3.062 Thread 0x67b99400 nmethod 637 0xb3535e08 code [0xb3535f80, 0xb35365c4]
Event: 3.062 Thread 0x67b99400  638             com.android.dx.rop.type.Prototype::getDescriptor (5 bytes)
Event: 3.063 Thread 0x67b99400 nmethod 638 0xb35169c8 code [0xb3516aa0, 0xb3516af0]
Event: 3.063 Thread 0x67b99400  639             com.android.dx.util.LabeledList::getMaxLabel (47 bytes)

GC Heap History (10 events):
Event: 1.219 GC heap after
Heap after GC invocations=2 (full 0):
 PSYoungGen      total 18176K, used 2555K [0x9dcc0000, 0x9f100000, 0xb3240000)
  eden space 15616K, 0% used [0x9dcc0000,0x9dcc0000,0x9ec00000)
  from space 2560K, 99% used [0x9ee80000,0x9f0feca0,0x9f100000)
  to   space 2560K, 0% used [0x9ec00000,0x9ec00000,0x9ee80000)
 ParOldGen       total 41216K, used 2990K [0x73240000, 0x75a80000, 0x9dcc0000)
  object space 41216K, 7% used [0x73240000,0x7352b8d0,0x75a80000)
 PSPermGen       total 16384K, used 3896K [0x6b240000, 0x6c240000, 0x73240000)
  object space 16384K, 23% used [0x6b240000,0x6b60e168,0x6c240000)
}
Event: 1.530 GC heap before
{Heap before GC invocations=3 (full 0):
 PSYoungGen      total 18176K, used 18171K [0x9dcc0000, 0x9f100000, 0xb3240000)
  eden space 15616K, 100% used [0x9dcc0000,0x9ec00000,0x9ec00000)
  from space 2560K, 99% used [0x9ee80000,0x9f0feca0,0x9f100000)
  to   space 2560K, 0% used [0x9ec00000,0x9ec00000,0x9ee80000)
 ParOldGen       total 41216K, used 2990K [0x73240000, 0x75a80000, 0x9dcc0000)
  object space 41216K, 7% used [0x73240000,0x7352b8d0,0x75a80000)
 PSPermGen       total 16384K, used 3917K [0x6b240000, 0x6c240000, 0x73240000)
  object space 16384K, 23% used [0x6b240000,0x6b613430,0x6c240000)
Event: 1.538 GC heap after
Heap after GC invocations=3 (full 0):
 PSYoungGen      total 18176K, used 2546K [0x9dcc0000, 0xa0040000, 0xb3240000)
  eden space 15616K, 0% used [0x9dcc0000,0x9dcc0000,0x9ec00000)
  from space 2560K, 99% used [0x9ec00000,0x9ee7cae0,0x9ee80000)
  to   space 2560K, 0% used [0x9fdc0000,0x9fdc0000,0xa0040000)
 ParOldGen       total 41216K, used 5639K [0x73240000, 0x75a80000, 0x9dcc0000)
  object space 41216K, 13% used [0x73240000,0x737c1cd0,0x75a80000)
 PSPermGen       total 16384K, used 3917K [0x6b240000, 0x6c240000, 0x73240000)
  object space 16384K, 23% used [0x6b240000,0x6b613430,0x6c240000)
}
Event: 1.818 GC heap before
{Heap before GC invocations=4 (full 0):
 PSYoungGen      total 18176K, used 18162K [0x9dcc0000, 0xa0040000, 0xb3240000)
  eden space 15616K, 100% used [0x9dcc0000,0x9ec00000,0x9ec00000)
  from space 2560K, 99% used [0x9ec00000,0x9ee7cae0,0x9ee80000)
  to   space 2560K, 0% used [0x9fdc0000,0x9fdc0000,0xa0040000)
 ParOldGen       total 41216K, used 5639K [0x73240000, 0x75a80000, 0x9dcc0000)
  object space 41216K, 13% used [0x73240000,0x737c1cd0,0x75a80000)
 PSPermGen       total 16384K, used 3942K [0x6b240000, 0x6c240000, 0x73240000)
  object space 16384K, 24% used [0x6b240000,0x6b619a80,0x6c240000)
Event: 1.825 GC heap after
Heap after GC invocations=4 (full 0):
 PSYoungGen      total 33792K, used 2559K [0x9dcc0000, 0xa0040000, 0xb3240000)
  eden space 31232K, 0% used [0x9dcc0000,0x9dcc0000,0x9fb40000)
  from space 2560K, 99% used [0x9fdc0000,0xa003feb0,0xa0040000)
  to   space 2560K, 0% used [0x9fb40000,0x9fb40000,0x9fdc0000)
 ParOldGen       total 41216K, used 8442K [0x73240000, 0x75a80000, 0x9dcc0000)
  object space 41216K, 20% used [0x73240000,0x73a7ea00,0x75a80000)
 PSPermGen       total 16384K, used 3942K [0x6b240000, 0x6c240000, 0x73240000)
  object space 16384K, 24% used [0x6b240000,0x6b619a80,0x6c240000)
}
Event: 2.217 GC heap before
{Heap before GC invocations=5 (full 0):
 PSYoungGen      total 33792K, used 33791K [0x9dcc0000, 0xa0040000, 0xb3240000)
  eden space 31232K, 100% used [0x9dcc0000,0x9fb40000,0x9fb40000)
  from space 2560K, 99% used [0x9fdc0000,0xa003feb0,0xa0040000)
  to   space 2560K, 0% used [0x9fb40000,0x9fb40000,0x9fdc0000)
 ParOldGen       total 41216K, used 8442K [0x73240000, 0x75a80000, 0x9dcc0000)
  object space 41216K, 20% used [0x73240000,0x73a7ea00,0x75a80000)
 PSPermGen       total 16384K, used 3957K [0x6b240000, 0x6c240000, 0x73240000)
  object space 16384K, 24% used [0x6b240000,0x6b61d5d0,0x6c240000)
Event: 2.229 GC heap after
Heap after GC invocations=5 (full 0):
 PSYoungGen      total 33792K, used 2558K [0x9dcc0000, 0xa2940000, 0xb3240000)
  eden space 31232K, 0% used [0x9dcc0000,0x9dcc0000,0x9fb40000)
  from space 2560K, 99% used [0x9fb40000,0x9fdbf8d0,0x9fdc0000)
  to   space 7936K, 0% used [0xa2180000,0xa2180000,0xa2940000)
 ParOldGen       total 41216K, used 13639K [0x73240000, 0x75a80000, 0x9dcc0000)
  object space 41216K, 33% used [0x73240000,0x73f91c78,0x75a80000)
 PSPermGen       total 16384K, used 3957K [0x6b240000, 0x6c240000, 0x73240000)
  object space 16384K, 24% used [0x6b240000,0x6b61d5d0,0x6c240000)
}
Event: 2.555 GC heap before
{Heap before GC invocations=6 (full 0):
 PSYoungGen      total 33792K, used 33790K [0x9dcc0000, 0xa2940000, 0xb3240000)
  eden space 31232K, 100% used [0x9dcc0000,0x9fb40000,0x9fb40000)
  from space 2560K, 99% used [0x9fb40000,0x9fdbf8d0,0x9fdc0000)
  to   space 7936K, 0% used [0xa2180000,0xa2180000,0xa2940000)
 ParOldGen       total 41216K, used 13639K [0x73240000, 0x75a80000, 0x9dcc0000)
  object space 41216K, 33% used [0x73240000,0x73f91c78,0x75a80000)
 PSPermGen       total 16384K, used 3976K [0x6b240000, 0x6c240000, 0x73240000)
  object space 16384K, 24% used [0x6b240000,0x6b622088,0x6c240000)
Event: 2.570 GC heap after
Heap after GC invocations=6 (full 0):
 PSYoungGen      total 69632K, used 7426K [0x9dcc0000, 0xa2ac0000, 0xb3240000)
  eden space 61696K, 0% used [0x9dcc0000,0x9dcc0000,0xa1900000)
  from space 7936K, 93% used [0xa2180000,0xa28c0b30,0xa2940000)
  to   space 8704K, 0% used [0xa1900000,0xa1900000,0xa2180000)
 ParOldGen       total 41216K, used 13643K [0x73240000, 0x75a80000, 0x9dcc0000)
  object space 41216K, 33% used [0x73240000,0x73f92c78,0x75a80000)
 PSPermGen       total 16384K, used 3976K [0x6b240000, 0x6c240000, 0x73240000)
  object space 16384K, 24% used [0x6b240000,0x6b622088,0x6c240000)
}
Event: 3.063 GC heap before
{Heap before GC invocations=7 (full 0):
 PSYoungGen      total 69632K, used 69122K [0x9dcc0000, 0xa2ac0000, 0xb3240000)
  eden space 61696K, 100% used [0x9dcc0000,0xa1900000,0xa1900000)
  from space 7936K, 93% used [0xa2180000,0xa28c0b30,0xa2940000)
  to   space 8704K, 0% used [0xa1900000,0xa1900000,0xa2180000)
 ParOldGen       total 41216K, used 13643K [0x73240000, 0x75a80000, 0x9dcc0000)
  object space 41216K, 33% used [0x73240000,0x73f92c78,0x75a80000)
 PSPermGen       total 16384K, used 3993K [0x6b240000, 0x6c240000, 0x73240000)
  object space 16384K, 24% used [0x6b240000,0x6b626680,0x6c240000)

Deoptimization events (10 events):
Event: 2.502 Thread 0xb6307c00 Uncommon trap: reason=bimorphic action=maybe_recompile pc=0xb339a890 method=java.util.HashMap.put(Ljava/lang/Object;Ljava/lang/Object;)Ljava/lang/Object; @ 83
Event: 2.512 Thread 0xb6307c00 Uncommon trap: reason=bimorphic action=maybe_recompile pc=0xb3483a80 method=com.android.dx.cf.code.RopperMachine.run(Lcom/android/dx/cf/code/Frame;II)V @ 988
Event: 2.512 Thread 0xb6307c00 Uncommon trap: reason=bimorphic action=maybe_recompile pc=0xb3483a80 method=com.android.dx.cf.code.RopperMachine.run(Lcom/android/dx/cf/code/Frame;II)V @ 988
Event: 2.548 Thread 0xb6307c00 Uncommon trap: reason=bimorphic action=maybe_recompile pc=0xb3483a80 method=com.android.dx.cf.code.RopperMachine.run(Lcom/android/dx/cf/code/Frame;II)V @ 988
Event: 2.548 Thread 0xb6307c00 Uncommon trap: reason=bimorphic action=maybe_recompile pc=0xb3483a80 method=com.android.dx.cf.code.RopperMachine.run(Lcom/android/dx/cf/code/Frame;II)V @ 988
Event: 2.727 Thread 0xb6307c00 Uncommon trap: reason=null_check action=make_not_entrant pc=0xb34db110 method=com.android.dx.dex.file.FieldIdsSection.intern(Lcom/android/dx/rop/cst/CstFieldRef;)Lcom/android/dx/dex/file/FieldIdItem; @ 26
Event: 2.757 Thread 0xb6307c00 Uncommon trap: reason=unloaded action=reinterpret pc=0xb34c8a30 method=com.android.dx.cf.cst.ConstantPoolParser.parse0(ILjava/util/BitSet;)Lcom/android/dx/rop/cst/Constant; @ 220
Event: 2.803 Thread 0xb6307c00 Uncommon trap: reason=class_check action=maybe_recompile pc=0xb348de10 method=com.android.dx.ssa.SCCP.replaceConstants()V @ 127
Event: 2.816 Thread 0xb6307c00 Uncommon trap: reason=class_check action=maybe_recompile pc=0xb348de10 method=com.android.dx.ssa.SCCP.replaceConstants()V @ 127
Event: 3.032 Thread 0xb6307c00 Uncommon trap: reason=class_check action=maybe_recompile pc=0xb348de10 method=com.android.dx.ssa.SCCP.replaceConstants()V @ 127

Internal exceptions (10 events):
Event: 1.042 Thread 0xb6307c00 Implicit null exception at 0xb3392beb to 0xb3393b41
Event: 1.215 Thread 0xb6307c00 Implicit null exception at 0xb33714eb to 0xb33715c5
Event: 1.566 Thread 0xb6307c00 Threw 0x9ddfdfe0 at /build/buildd/openjdk-7-7u75-2.5.4/build/openjdk/hotspot/src/share/vm/prims/jvm.cpp:1284
Event: 1.567 Thread 0xb6307c00 Threw 0x9de00698 at /build/buildd/openjdk-7-7u75-2.5.4/build/openjdk/hotspot/src/share/vm/prims/jvm.cpp:1284
Event: 1.568 Thread 0xb6307c00 Threw 0x9de0aca8 at /build/buildd/openjdk-7-7u75-2.5.4/build/openjdk/hotspot/src/share/vm/prims/jvm.cpp:1284
Event: 1.568 Thread 0xb6307c00 Threw 0x9de0d5b8 at /build/buildd/openjdk-7-7u75-2.5.4/build/openjdk/hotspot/src/share/vm/prims/jvm.cpp:1284
Event: 1.597 Thread 0xb6307c00 Implicit null exception at 0xb33e6eec to 0xb33e8555
Event: 1.938 Thread 0xb6307c00 Implicit null exception at 0xb341c2f6 to 0xb341c8c5
Event: 1.968 Thread 0xb6307c00 Threw 0x9e624e38 at /build/buildd/openjdk-7-7u75-2.5.4/build/openjdk/hotspot/src/share/vm/prims/jvm.cpp:1284
Event: 2.875 Thread 0xb6307c00 Threw 0x9fff51c0 at /build/buildd/openjdk-7-7u75-2.5.4/build/openjdk/hotspot/src/share/vm/prims/jvm.cpp:1284

Events (10 events):
Event: 2.803 Thread 0xb6307c00 DEOPT UNPACKING pc=0xb332cbc8 sp=0xb653ba30 mode 2
Event: 2.816 Thread 0xb6307c00 Uncommon trap: trap_request=0xffffffde fr.pc=0xb348de10
Event: 2.816 Thread 0xb6307c00 DEOPT PACKING pc=0xb348de10 sp=0xb653ba60
Event: 2.816 Thread 0xb6307c00 DEOPT UNPACKING pc=0xb332cbc8 sp=0xb653ba30 mode 2
Event: 2.875 loading class 0x67bf5820
Event: 2.875 loading class 0x67bf5820 done
Event: 3.032 Thread 0xb6307c00 Uncommon trap: trap_request=0xffffffde fr.pc=0xb348de10
Event: 3.032 Thread 0xb6307c00 DEOPT PACKING pc=0xb348de10 sp=0xb653ba60
Event: 3.032 Thread 0xb6307c00 DEOPT UNPACKING pc=0xb332cbc8 sp=0xb653ba30 mode 2
Event: 3.063 Executing VM operation: ParallelGCFailedAllocation


Dynamic libraries:
08048000-08049000 r-xp 00000000 08:07 3285217    /usr/lib/jvm/java-7-openjdk-i386/jre/bin/java
08049000-0804a000 r--p 00000000 08:07 3285217    /usr/lib/jvm/java-7-openjdk-i386/jre/bin/java
0804a000-0804b000 rw-p 00001000 08:07 3285217    /usr/lib/jvm/java-7-openjdk-i386/jre/bin/java
09378000-093e9000 rw-p 00000000 00:00 0          [heap]
65b00000-65c00000 rw-p 00000000 00:00 0 
65d00000-65dfc000 rw-p 00000000 00:00 0 
65dfc000-65e00000 ---p 00000000 00:00 0 
65f00000-65fe9000 rw-p 00000000 00:00 0 
65fe9000-66000000 ---p 00000000 00:00 0 
66000000-660f3000 rw-p 00000000 00:00 0 
660f3000-66100000 ---p 00000000 00:00 0 
66200000-662f9000 rw-p 00000000 00:00 0 
662f9000-66300000 ---p 00000000 00:00 0 
66300000-663fe000 rw-p 00000000 00:00 0 
663fe000-66400000 ---p 00000000 00:00 0 
66400000-664f8000 rw-p 00000000 00:00 0 
664f8000-66500000 ---p 00000000 00:00 0 
66500000-665f1000 rw-p 00000000 00:00 0 
665f1000-66600000 ---p 00000000 00:00 0 
66600000-666fb000 rw-p 00000000 00:00 0 
666fb000-66700000 ---p 00000000 00:00 0 
66700000-667f9000 rw-p 00000000 00:00 0 
667f9000-66800000 ---p 00000000 00:00 0 
66800000-668f7000 rw-p 00000000 00:00 0 
668f7000-66900000 ---p 00000000 00:00 0 
66900000-669dc000 rw-p 00000000 00:00 0 
669dc000-66a00000 ---p 00000000 00:00 0 
66b00000-66bef000 rw-p 00000000 00:00 0 
66bef000-66c00000 ---p 00000000 00:00 0 
66c00000-66cf8000 rw-p 00000000 00:00 0 
66cf8000-66d00000 ---p 00000000 00:00 0 
66d00000-66dfe000 rw-p 00000000 00:00 0 
66dfe000-66e00000 ---p 00000000 00:00 0 
66e00000-66eeb000 rw-p 00000000 00:00 0 
66eeb000-66f00000 ---p 00000000 00:00 0 
66f00000-66ffb000 rw-p 00000000 00:00 0 
66ffb000-67000000 ---p 00000000 00:00 0 
67035000-67071000 r-xp 00000000 08:07 3146819    /lib/i386-linux-gnu/libpcre.so.3.13.1
67071000-67072000 r--p 0003b000 08:07 3146819    /lib/i386-linux-gnu/libpcre.so.3.13.1
67072000-67073000 rw-p 0003c000 08:07 3146819    /lib/i386-linux-gnu/libpcre.so.3.13.1
67073000-6717d000 r-xp 00000000 08:07 3146803    /lib/i386-linux-gnu/libglib-2.0.so.0.4002.0
6717d000-6717e000 r--p 00109000 08:07 3146803    /lib/i386-linux-gnu/libglib-2.0.so.0.4002.0
6717e000-6717f000 rw-p 0010a000 08:07 3146803    /lib/i386-linux-gnu/libglib-2.0.so.0.4002.0
6717f000-672fc000 r-xp 00000000 08:07 3413824    /usr/lib/i386-linux-gnu/libgio-2.0.so.0.4002.0
672fc000-672fe000 r--p 0017d000 08:07 3413824    /usr/lib/i386-linux-gnu/libgio-2.0.so.0.4002.0
672fe000-672ff000 rw-p 0017f000 08:07 3413824    /usr/lib/i386-linux-gnu/libgio-2.0.so.0.4002.0
672ff000-67300000 rw-p 00000000 00:00 0 
67300000-673d0000 rw-p 00000000 00:00 0 
673d0000-67400000 ---p 00000000 00:00 0 
67420000-67433000 r-xp 00000000 08:07 3145833    /lib/i386-linux-gnu/libresolv-2.19.so
67433000-67434000 ---p 00013000 08:07 3145833    /lib/i386-linux-gnu/libresolv-2.19.so
67434000-67435000 r--p 00013000 08:07 3145833    /lib/i386-linux-gnu/libresolv-2.19.so
67435000-67436000 rw-p 00014000 08:07 3145833    /lib/i386-linux-gnu/libresolv-2.19.so
67436000-67438000 rw-p 00000000 00:00 0 
67438000-67488000 r-xp 00000000 08:07 3413822    /usr/lib/i386-linux-gnu/libgobject-2.0.so.0.4002.0
67488000-67489000 r--p 0004f000 08:07 3413822    /usr/lib/i386-linux-gnu/libgobject-2.0.so.0.4002.0
67489000-6748a000 rw-p 00050000 08:07 3413822    /usr/lib/i386-linux-gnu/libgobject-2.0.so.0.4002.0
6748a000-6748b000 ---p 00000000 00:00 0 
6748b000-6750b000 rw-p 00000000 00:00 0          [stack:7071]
6750b000-6750e000 ---p 00000000 00:00 0 
6750e000-6755c000 rw-p 00000000 00:00 0          [stack:7070]
6755c000-6755f000 ---p 00000000 00:00 0 
6755f000-675dd000 rw-p 00000000 00:00 0          [stack:7069]
675dd000-675e0000 ---p 00000000 00:00 0 
675e0000-6765e000 rw-p 00000000 00:00 0          [stack:7068]
6765e000-67661000 ---p 00000000 00:00 0 
67661000-676af000 rw-p 00000000 00:00 0          [stack:7067]
676af000-678af000 r--p 00000000 08:07 3414116    /usr/lib/locale/locale-archive
678af000-678b2000 ---p 00000000 00:00 0 
678b2000-67900000 rw-p 00000000 00:00 0          [stack:7066]
67900000-679fa000 rw-p 00000000 00:00 0 
679fa000-67a00000 ---p 00000000 00:00 0 
67a00000-67a21000 rw-p 00000000 00:00 0 
67a21000-67b00000 ---p 00000000 00:00 0 
67b00000-67c00000 rw-p 00000000 00:00 0 
67c0c000-67c4e000 r--p 00858000 08:07 3414116    /usr/lib/locale/locale-archive
67c4e000-67c4f000 ---p 00000000 00:00 0 
67c4f000-67ccf000 rw-p 00000000 00:00 0          [stack:7064]
67ccf000-67e80000 r--s 01d23000 08:07 3285299    /usr/lib/jvm/java-7-openjdk-i386/jre/lib/rt.jar
67e80000-6a700000 rw-p 00000000 00:00 0 
6a700000-6a800000 rw-p 00000000 00:00 0 
6a80b000-6a82b000 r-xp 00000000 08:07 3145758    /lib/i386-linux-gnu/libselinux.so.1
6a82b000-6a82c000 r--p 0001f000 08:07 3145758    /lib/i386-linux-gnu/libselinux.so.1
6a82c000-6a82d000 rw-p 00020000 08:07 3145758    /lib/i386-linux-gnu/libselinux.so.1
6a82d000-6a82e000 rw-p 00000000 00:00 0 
6a82e000-6a831000 ---p 00000000 00:00 0 
6a831000-6a87f000 rw-p 00000000 00:00 0          [stack:7065]
6a87f000-6a880000 ---p 00000000 00:00 0 
6a880000-6a900000 rw-p 00000000 00:00 0          [stack:7063]
6a900000-6a921000 rw-p 00000000 00:00 0 
6a921000-6aa00000 ---p 00000000 00:00 0 
6aa1d000-6aa34000 r-xp 00000000 08:07 3285251    /usr/lib/jvm/java-7-openjdk-i386/jre/lib/i386/libnet.so
6aa34000-6aa35000 r--p 00017000 08:07 3285251    /usr/lib/jvm/java-7-openjdk-i386/jre/lib/i386/libnet.so
6aa35000-6aa36000 rw-p 00018000 08:07 3285251    /usr/lib/jvm/java-7-openjdk-i386/jre/lib/i386/libnet.so
6aa36000-6aa7f000 rw-p 00000000 00:00 0 
6aa7f000-6aa80000 ---p 00000000 00:00 0 
6aa80000-6ab00000 rw-p 00000000 00:00 0          [stack:7062]
6ab00000-6ab21000 rw-p 00000000 00:00 0 
6ab21000-6ac00000 ---p 00000000 00:00 0 
6ac0a000-6ac0f000 r-xp 00000000 08:07 3410976    /usr/lib/i386-linux-gnu/libffi.so.6.0.1
6ac0f000-6ac10000 r--p 00005000 08:07 3410976    /usr/lib/i386-linux-gnu/libffi.so.6.0.1
6ac10000-6ac11000 rw-p 00006000 08:07 3410976    /usr/lib/i386-linux-gnu/libffi.so.6.0.1
6ac11000-6ac22000 r-xp 00000000 08:07 3285243    /usr/lib/jvm/java-7-openjdk-i386/jre/lib/i386/libnio.so
6ac22000-6ac23000 r--p 00010000 08:07 3285243    /usr/lib/jvm/java-7-openjdk-i386/jre/lib/i386/libnio.so
6ac23000-6ac24000 rw-p 00011000 08:07 3285243    /usr/lib/jvm/java-7-openjdk-i386/jre/lib/i386/libnio.so
6ac24000-6ac7f000 rw-p 00000000 00:00 0 
6ac7f000-6ac80000 ---p 00000000 00:00 0 
6ac80000-6ad00000 rw-p 00000000 00:00 0          [stack:7061]
6ad00000-6ad21000 rw-p 00000000 00:00 0 
6ad21000-6ae00000 ---p 00000000 00:00 0 
6ae05000-6ae08000 r-xp 00000000 08:07 3413825    /usr/lib/i386-linux-gnu/libgmodule-2.0.so.0.4002.0
6ae08000-6ae09000 r--p 00002000 08:07 3413825    /usr/lib/i386-linux-gnu/libgmodule-2.0.so.0.4002.0
6ae09000-6ae0a000 rw-p 00003000 08:07 3413825    /usr/lib/i386-linux-gnu/libgmodule-2.0.so.0.4002.0
6ae0a000-6ae19000 r--s 00089000 08:07 2762350    /home/imran/AndroidStudioProjects/Message/app/libs/android-support-v4.jar
6ae19000-6ae28000 r--s 000dd000 08:07 1182132    /home/imran/Android/Sdk/build-tools/21.1.2/lib/dx.jar
6ae28000-6ae29000 ---p 00000000 00:00 0 
6ae29000-6aebe000 rw-p 00000000 00:00 0          [stack:7060]
6aebe000-6afff000 rw-p 00000000 00:00 0 
6afff000-6b007000 rw-p 00000000 00:00 0 
6b007000-6b03f000 rw-p 00000000 00:00 0 
6b03f000-6b054000 rw-p 00000000 00:00 0 
6b054000-6b194000 rw-p 00000000 00:00 0 
6b194000-6b1bc000 rw-p 00000000 00:00 0 
6b1bc000-6b23f000 rw-p 00000000 00:00 0 
6b23f000-6c240000 rw-p 00000000 00:00 0 
6c240000-73240000 rw-p 00000000 00:00 0 
73240000-75a80000 rw-p 00000000 00:00 0 
75a80000-9dcc0000 rw-p 00000000 00:00 0 
9dcc0000-a2ac0000 rw-p 00000000 00:00 0 
a70c0000-b3240000 rw-p 00000000 00:00 0 
b3240000-b324a000 rw-p 00000000 00:00 0 
b324a000-b3300000 rw-p 00000000 00:00 0 
b3300000-b3548000 rwxp 00000000 00:00 0 
b3548000-b63ff000 rw-p 00000000 00:00 0 
b63ff000-b6400000 ---p 00000000 00:00 0 
b6402000-b6404000 r--s 00012000 08:07 3285274    /usr/lib/jvm/java-7-openjdk-i386/jre/lib/ext/zipfs.jar
b6404000-b6407000 r--s 0000f000 08:07 3285273    /usr/lib/jvm/java-7-openjdk-i386/jre/lib/ext/icedtea-sound.jar
b6407000-b640b000 r--s 00034000 08:07 3285275    /usr/lib/jvm/java-7-openjdk-i386/jre/lib/ext/sunjce_provider.jar
b640b000-b640d000 r--s 00006000 08:07 3804587    /usr/share/java/java-atk-wrapper.jar
b640d000-b6430000 rw-p 00000000 00:00 0 
b6430000-b6468000 rw-p 00000000 00:00 0 
b6468000-b6473000 r-xp 00000000 08:07 3146755    /lib/i386-linux-gnu/libnss_files-2.19.so
b6473000-b6474000 r--p 0000a000 08:07 3146755    /lib/i386-linux-gnu/libnss_files-2.19.so
b6474000-b6475000 rw-p 0000b000 08:07 3146755    /lib/i386-linux-gnu/libnss_files-2.19.so
b6475000-b647f000 r-xp 00000000 08:07 3145821    /lib/i386-linux-gnu/libnss_nis-2.19.so
b647f000-b6480000 r--p 00009000 08:07 3145821    /lib/i386-linux-gnu/libnss_nis-2.19.so
b6480000-b6481000 rw-p 0000a000 08:07 3145821    /lib/i386-linux-gnu/libnss_nis-2.19.so
b6481000-b6496000 r-xp 00000000 08:07 3145822    /lib/i386-linux-gnu/libnsl-2.19.so
b6496000-b6497000 r--p 00015000 08:07 3145822    /lib/i386-linux-gnu/libnsl-2.19.so
b6497000-b6498000 rw-p 00016000 08:07 3145822    /lib/i386-linux-gnu/libnsl-2.19.so
b6498000-b649a000 rw-p 00000000 00:00 0 
b649a000-b64a1000 r-xp 00000000 08:07 3145827    /lib/i386-linux-gnu/libnss_compat-2.19.so
b64a1000-b64a2000 r--p 00006000 08:07 3145827    /lib/i386-linux-gnu/libnss_compat-2.19.so
b64a2000-b64a3000 rw-p 00007000 08:07 3145827    /lib/i386-linux-gnu/libnss_compat-2.19.so
b64a4000-b64a8000 r--s 0003c000 08:07 3285276    /usr/lib/jvm/java-7-openjdk-i386/jre/lib/ext/sunpkcs11.jar
b64a8000-b64b0000 r-xp 00000000 08:07 3285246    /usr/lib/jvm/java-7-openjdk-i386/jre/lib/i386/libzip.so
b64b0000-b64b1000 r--p 00007000 08:07 3285246    /usr/lib/jvm/java-7-openjdk-i386/jre/lib/i386/libzip.so
b64b1000-b64b2000 rw-p 00008000 08:07 3285246    /usr/lib/jvm/java-7-openjdk-i386/jre/lib/i386/libzip.so
b64b2000-b64ba000 rw-s 00000000 08:07 3416229    /tmp/hsperfdata_imran/7054
b64ba000-b64e1000 r-xp 00000000 08:07 3285231    /usr/lib/jvm/java-7-openjdk-i386/jre/lib/i386/libjava.so
b64e1000-b64e2000 r--p 00026000 08:07 3285231    /usr/lib/jvm/java-7-openjdk-i386/jre/lib/i386/libjava.so
b64e2000-b64e3000 rw-p 00027000 08:07 3285231    /usr/lib/jvm/java-7-openjdk-i386/jre/lib/i386/libjava.so
b64e3000-b64ea000 r-xp 00000000 08:07 3149999    /lib/i386-linux-gnu/librt-2.19.so
b64ea000-b64eb000 r--p 00006000 08:07 3149999    /lib/i386-linux-gnu/librt-2.19.so
b64eb000-b64ec000 rw-p 00007000 08:07 3149999    /lib/i386-linux-gnu/librt-2.19.so
b64ec000-b64ef000 ---p 00000000 00:00 0 
b64ef000-b653d000 rw-p 00000000 00:00 0          [stack:7059]
b653d000-b6559000 r-xp 00000000 08:07 3145757    /lib/i386-linux-gnu/libgcc_s.so.1
b6559000-b655a000 rw-p 0001b000 08:07 3145757    /lib/i386-linux-gnu/libgcc_s.so.1
b655a000-b659e000 r-xp 00000000 08:07 3145826    /lib/i386-linux-gnu/libm-2.19.so
b659e000-b659f000 r--p 00043000 08:07 3145826    /lib/i386-linux-gnu/libm-2.19.so
b659f000-b65a0000 rw-p 00044000 08:07 3145826    /lib/i386-linux-gnu/libm-2.19.so
b65a0000-b667c000 r-xp 00000000 08:07 3411602    /usr/lib/i386-linux-gnu/libstdc++.so.6.0.19
b667c000-b667d000 ---p 000dc000 08:07 3411602    /usr/lib/i386-linux-gnu/libstdc++.so.6.0.19
b667d000-b6681000 r--p 000dc000 08:07 3411602    /usr/lib/i386-linux-gnu/libstdc++.so.6.0.19
b6681000-b6682000 rw-p 000e0000 08:07 3411602    /usr/lib/i386-linux-gnu/libstdc++.so.6.0.19
b6682000-b6689000 rw-p 00000000 00:00 0 
b6689000-b7077000 r-xp 00000000 08:07 3285255    /usr/lib/jvm/java-7-openjdk-i386/jre/lib/i386/server/libjvm.so
b7077000-b70c9000 r--p 009ed000 08:07 3285255    /usr/lib/jvm/java-7-openjdk-i386/jre/lib/i386/server/libjvm.so
b70c9000-b70dd000 rw-p 00a3f000 08:07 3285255    /usr/lib/jvm/java-7-openjdk-i386/jre/lib/i386/server/libjvm.so
b70dd000-b74fb000 rw-p 00000000 00:00 0 
b74fb000-b7513000 r-xp 00000000 08:07 3146879    /lib/i386-linux-gnu/libz.so.1.2.8
b7513000-b7514000 r--p 00017000 08:07 3146879    /lib/i386-linux-gnu/libz.so.1.2.8
b7514000-b7515000 rw-p 00018000 08:07 3146879    /lib/i386-linux-gnu/libz.so.1.2.8
b7515000-b752d000 r-xp 00000000 08:07 3145831    /lib/i386-linux-gnu/libpthread-2.19.so
b752d000-b752e000 r--p 00018000 08:07 3145831    /lib/i386-linux-gnu/libpthread-2.19.so
b752e000-b752f000 rw-p 00019000 08:07 3145831    /lib/i386-linux-gnu/libpthread-2.19.so
b752f000-b7531000 rw-p 00000000 00:00 0 
b7531000-b7534000 r-xp 00000000 08:07 3145819    /lib/i386-linux-gnu/libdl-2.19.so
b7534000-b7535000 r--p 00002000 08:07 3145819    /lib/i386-linux-gnu/libdl-2.19.so
b7535000-b7536000 rw-p 00003000 08:07 3145819    /lib/i386-linux-gnu/libdl-2.19.so
b7536000-b76de000 r-xp 00000000 08:07 3145818    /lib/i386-linux-gnu/libc-2.19.so
b76de000-b76e0000 r--p 001a8000 08:07 3145818    /lib/i386-linux-gnu/libc-2.19.so
b76e0000-b76e1000 rw-p 001aa000 08:07 3145818    /lib/i386-linux-gnu/libc-2.19.so
b76e1000-b76e4000 rw-p 00000000 00:00 0 
b76e4000-b76e7000 r--s 00086000 08:07 3285272    /usr/lib/jvm/java-7-openjdk-i386/jre/lib/ext/localedata.jar
b76e7000-b76e8000 r--s 00002000 08:07 3285271    /usr/lib/jvm/java-7-openjdk-i386/jre/lib/ext/dnsns.jar
b76e8000-b76e9000 r--p 00855000 08:07 3414116    /usr/lib/locale/locale-archive
b76e9000-b76ea000 rw-p 00000000 00:00 0 
b76ea000-b76eb000 ---p 00000000 00:00 0 
b76eb000-b76f9000 r-xp 00000000 08:07 3285245    /usr/lib/jvm/java-7-openjdk-i386/jre/lib/i386/libverify.so
b76f9000-b76fa000 r--p 0000d000 08:07 3285245    /usr/lib/jvm/java-7-openjdk-i386/jre/lib/i386/libverify.so
b76fa000-b76fb000 rw-p 0000e000 08:07 3285245    /usr/lib/jvm/java-7-openjdk-i386/jre/lib/i386/libverify.so
b76fb000-b7707000 r-xp 00000000 08:07 3285234    /usr/lib/jvm/java-7-openjdk-i386/jre/lib/i386/jli/libjli.so
b7707000-b7708000 r--p 0000c000 08:07 3285234    /usr/lib/jvm/java-7-openjdk-i386/jre/lib/i386/jli/libjli.so
b7708000-b7709000 rw-p 0000d000 08:07 3285234    /usr/lib/jvm/java-7-openjdk-i386/jre/lib/i386/jli/libjli.so
b7709000-b770c000 rw-p 00000000 00:00 0 
b770c000-b770d000 r-xp 00000000 00:00 0          [vdso]
b770d000-b772d000 r-xp 00000000 08:07 3145820    /lib/i386-linux-gnu/ld-2.19.so
b772d000-b772e000 r--p 0001f000 08:07 3145820    /lib/i386-linux-gnu/ld-2.19.so
b772e000-b772f000 rw-p 00020000 08:07 3145820    /lib/i386-linux-gnu/ld-2.19.so
bf997000-bf998000 rwxp 00000000 00:00 0 
bf9c9000-bf9eb000 rw-p 00000000 00:00 0          [stack]

VM Arguments:
jvm_args: -Xmx1024M -Dfile.encoding=UTF-8 -Duser.country=US -Duser.language=en -Duser.variant 
java_command: com.android.dx.command.Main --dex --output /home/imran/AndroidStudioProjects/Message/app/build/intermediates/pre-dexed/debug/android-support-v4-9478981c26f43e3aee89e5c23e209b12521a1889.jar /home/imran/AndroidStudioProjects/Message/app/libs/android-support-v4.jar
Launcher Type: SUN_STANDARD

Environment Variables:
JAVA_HOME=/usr/lib/jvm/java-7-oracle
CLASSPATH=./../lib/bootstrap.jar:./../lib/extensions.jar:./../lib/util.jar:./../lib/jdom.jar:./../lib/log4j.jar:./../lib/trove4j.jar:./../lib/jna.jar:/usr/lib/jvm/java-7-oracle/lib/tools.jar
PATH=/home//.genymotion:/home//.genymotion:/usr/local/sbin:/usr/local/bin:/usr/sbin:/usr/bin:/sbin:/bin:/usr/games:/usr/local/games:/usr/lib/jvm/java-7-oracle/bin:/usr/lib/jvm/java-7-oracle/db/bin:/usr/lib/jvm/java-7-oracle/jre/bin
LD_LIBRARY_PATH=.:
SHELL=/bin/bash
DISPLAY=:0

Signal Handlers:
SIGSEGV: [libjvm.so+0x80c740], sa_mask[0]=0x7ffbfeff, sa_flags=0x10000004
SIGBUS: [libjvm.so+0x80c740], sa_mask[0]=0x7ffbfeff, sa_flags=0x10000004
SIGFPE: [libjvm.so+0x6847c0], sa_mask[0]=0x7ffbfeff, sa_flags=0x10000004
SIGPIPE: [libjvm.so+0x6847c0], sa_mask[0]=0x7ffbfeff, sa_flags=0x10000004
SIGXFSZ: [libjvm.so+0x6847c0], sa_mask[0]=0x7ffbfeff, sa_flags=0x10000004
SIGILL: [libjvm.so+0x6847c0], sa_mask[0]=0x7ffbfeff, sa_flags=0x10000004
SIGUSR1: SIG_DFL, sa_mask[0]=0x00000000, sa_flags=0x00000000
SIGUSR2: [libjvm.so+0x684650], sa_mask[0]=0x00000004, sa_flags=0x10000004
SIGHUP: [libjvm.so+0x684880], sa_mask[0]=0x7ffbfeff, sa_flags=0x10000004
SIGINT: [libjvm.so+0x684880], sa_mask[0]=0x7ffbfeff, sa_flags=0x10000004
SIGTERM: [libjvm.so+0x684880], sa_mask[0]=0x7ffbfeff, sa_flags=0x10000004
SIGQUIT: [libjvm.so+0x684880], sa_mask[0]=0x7ffbfeff, sa_flags=0x10000004
SIGTRAP: SIG_DFL, sa_mask[0]=0x00000000, sa_flags=0x00000000


---------------  S Y S T E M  ---------------

OS:Ubuntu 14.04 (trusty)
uname:Linux 3.13.0-48-generic #80-Ubuntu SMP Thu Mar 12 11:16:18 UTC 2015 i686
libc:glibc 2.19 NPTL 2.19 
rlimit: STACK 8192k, CORE 0k, NPROC 30800, NOFILE 4096, AS infinity
load average:0.80 0.50 0.45

/proc/meminfo:
MemTotal:        3961728 kB
MemFree:          235312 kB
Buffers:            7088 kB
Cached:           379132 kB
SwapCached:            0 kB
Active:          2307072 kB
Inactive:         345208 kB
Active(anon):    2268048 kB
Inactive(anon):   306832 kB
Active(file):      39024 kB
Inactive(file):    38376 kB
Unevictable:          32 kB
Mlocked:              32 kB
HighTotal:       3106860 kB
HighFree:          80856 kB
LowTotal:         854868 kB
LowFree:          154456 kB
SwapTotal:             0 kB
SwapFree:              0 kB
Dirty:                44 kB
Writeback:             0 kB
AnonPages:       2265984 kB
Mapped:          1085024 kB
Shmem:            309264 kB
Slab:              45460 kB
SReclaimable:      18124 kB
SUnreclaim:        27336 kB
KernelStack:        4624 kB
PageTables:        15088 kB
NFS_Unstable:          0 kB
Bounce:                0 kB
WritebackTmp:          0 kB
CommitLimit:     1980864 kB
Committed_AS:    6428308 kB
VmallocTotal:     122880 kB
VmallocUsed:       19256 kB
VmallocChunk:      98412 kB
HardwareCorrupted:     0 kB
AnonHugePages:    837632 kB
HugePages_Total:       0
HugePages_Free:        0
HugePages_Rsvd:        0
HugePages_Surp:        0
Hugepagesize:       2048 kB
DirectMap4k:       43000 kB
DirectMap2M:      870400 kB


CPU:total 4 (2 cores per cpu, 2 threads per core) family 6 model 60 stepping 3, cmov, cx8, fxsr, mmx, sse, sse2, sse3, ssse3, sse4.1, sse4.2, popcnt, avx, avx2, aes, erms, ht, tsc, tscinvbit

/proc/cpuinfo:
processor	: 0
vendor_id	: GenuineIntel
cpu family	: 6
model		: 60
model name	: Intel(R) Core(TM) i3-4150 CPU @ 3.50GHz
stepping	: 3
microcode	: 0x12
cpu MHz		: 3500.000
cache size	: 3072 KB
physical id	: 0
siblings	: 4
core id		: 0
cpu cores	: 2
apicid		: 0
initial apicid	: 0
fdiv_bug	: no
f00f_bug	: no
coma_bug	: no
fpu		: yes
fpu_exception	: yes
cpuid level	: 13
wp		: yes
flags		: fpu vme de pse tsc msr pae mce cx8 apic sep mtrr pge mca cmov pat pse36 clflush dts acpi mmx fxsr sse sse2 ss ht tm pbe nx pdpe1gb rdtscp lm constant_tsc arch_perfmon pebs bts xtopology nonstop_tsc aperfmperf eagerfpu pni pclmulqdq dtes64 monitor ds_cpl vmx est tm2 ssse3 fma cx16 xtpr pdcm pcid sse4_1 sse4_2 movbe popcnt tsc_deadline_timer aes xsave avx f16c rdrand lahf_lm abm arat xsaveopt pln pts dtherm tpr_shadow vnmi flexpriority ept vpid fsgsbase tsc_adjust bmi1 avx2 smep bmi2 erms invpcid
bogomips	: 6983.89
clflush size	: 64
cache_alignment	: 64
address sizes	: 39 bits physical, 48 bits virtual
power management:

processor	: 1
vendor_id	: GenuineIntel
cpu family	: 6
model		: 60
model name	: Intel(R) Core(TM) i3-4150 CPU @ 3.50GHz
stepping	: 3
microcode	: 0x12
cpu MHz		: 800.000
cache size	: 3072 KB
physical id	: 0
siblings	: 4
core id		: 1
cpu cores	: 2
apicid		: 2
initial apicid	: 2
fdiv_bug	: no
f00f_bug	: no
coma_bug	: no
fpu		: yes
fpu_exception	: yes
cpuid level	: 13
wp		: yes
flags		: fpu vme de pse tsc msr pae mce cx8 apic sep mtrr pge mca cmov pat pse36 clflush dts acpi mmx fxsr sse sse2 ss ht tm pbe nx pdpe1gb rdtscp lm constant_tsc arch_perfmon pebs bts xtopology nonstop_tsc aperfmperf eagerfpu pni pclmulqdq dtes64 monitor ds_cpl vmx est tm2 ssse3 fma cx16 xtpr pdcm pcid sse4_1 sse4_2 movbe popcnt tsc_deadline_timer aes xsave avx f16c rdrand lahf_lm abm arat xsaveopt pln pts dtherm tpr_shadow vnmi flexpriority ept vpid fsgsbase tsc_adjust bmi1 avx2 smep bmi2 erms invpcid
bogomips	: 6983.89
clflush size	: 64
cache_alignment	: 64
address sizes	: 39 bits physical, 48 bits virtual
power management:

processor	: 2
vendor_id	: GenuineIntel
cpu family	: 6
model		: 60
model name	: Intel(R) Core(TM) i3-4150 CPU @ 3.50GHz
stepping	: 3
microcode	: 0x12
cpu MHz		: 800.000
cache size	: 3072 KB
physical id	: 0
siblings	: 4
core id		: 0
cpu cores	: 2
apicid		: 1
initial apicid	: 1
fdiv_bug	: no
f00f_bug	: no
coma_bug	: no
fpu		: yes
fpu_exception	: yes
cpuid level	: 13
wp		: yes
flags		: fpu vme de pse tsc msr pae mce cx8 apic sep mtrr pge mca cmov pat pse36 clflush dts acpi mmx fxsr sse sse2 ss ht tm pbe nx pdpe1gb rdtscp lm constant_tsc arch_perfmon pebs bts xtopology nonstop_tsc aperfmperf eagerfpu pni pclmulqdq dtes64 monitor ds_cpl vmx est tm2 ssse3 fma cx16 xtpr pdcm pcid sse4_1 sse4_2 movbe popcnt tsc_deadline_timer aes xsave avx f16c rdrand lahf_lm abm arat xsaveopt pln pts dtherm tpr_shadow vnmi flexpriority ept vpid fsgsbase tsc_adjust bmi1 avx2 smep bmi2 erms invpcid
bogomips	: 6983.89
clflush size	: 64
cache_alignment	: 64
address sizes	: 39 bits physical, 48 bits virtual
power management:

processor	: 3
vendor_id	: GenuineIntel
cpu family	: 6
model		: 60
model name	: Intel(R) Core(TM) i3-4150 CPU @ 3.50GHz
stepping	: 3
microcode	: 0x12
cpu MHz		: 800.000
cache size	: 3072 KB
physical id	: 0
siblings	: 4
core id		: 1
cpu cores	: 2
apicid		: 3
initial apicid	: 3
fdiv_bug	: no
f00f_bug	: no
coma_bug	: no
fpu		: yes
fpu_exception	: yes
cpuid level	: 13
wp		: yes
flags		: fpu vme de pse tsc msr pae mce cx8 apic sep mtrr pge mca cmov pat pse36 clflush dts acpi mmx fxsr sse sse2 ss ht tm pbe nx pdpe1gb rdtscp lm constant_tsc arch_perfmon pebs bts xtopology nonstop_tsc aperfmperf eagerfpu pni pclmulqdq dtes64 monitor ds_cpl vmx est tm2 ssse3 fma cx16 xtpr pdcm pcid sse4_1 sse4_2 movbe popcnt tsc_deadline_timer aes xsave avx f16c rdrand lahf_lm abm arat xsaveopt pln pts dtherm tpr_shadow vnmi flexpriority ept vpid fsgsbase tsc_adjust bmi1 avx2 smep bmi2 erms invpcid
bogomips	: 6983.89
clflush size	: 64
cache_alignment	: 64
address sizes	: 39 bits physical, 48 bits virtual
power management:



Memory: 4k page, physical 3961728k(235312k free), swap 0k(0k free)

vm_info: OpenJDK Server VM (24.75-b04) for linux-x86 JRE (1.7.0_75-b13), built on Jan 27 2015 00:41:34 by "buildd" with gcc 4.8.2

time: Thu Mar 26 22:59:04 2015
elapsed time: 3 seconds

